[  0%] Built target rosgraph_msgs_generate_messages_cpp
[  0%] Built target rm_msgs_generate_messages_py
[  0%] Built target std_msgs_generate_messages_eus
[  0%] Built target geometry_msgs_generate_messages_cpp
[  0%] Built target rosgraph_msgs_generate_messages_eus
[  0%] Built target roscpp_generate_messages_nodejs
[  0%] Built target rosgraph_msgs_generate_messages_py
[  0%] Built target geometry_msgs_generate_messages_py
[  0%] Built target actionlib_generate_messages_py
[  0%] Built target geometry_msgs_generate_messages_nodejs
[  0%] Built target actionlib_msgs_generate_messages_lisp
[  0%] Built target actionlib_msgs_generate_messages_nodejs
[  0%] Built target geometry_msgs_generate_messages_lisp
[  0%] Built target rosgraph_msgs_generate_messages_lisp
[  0%] Built target roscpp_generate_messages_py
[  0%] Built target actionlib_msgs_generate_messages_cpp
[  0%] Built target actionlib_generate_messages_nodejs
[  0%] Built target actionlib_msgs_generate_messages_eus
[  0%] Built target actionlib_msgs_generate_messages_py
[  0%] Built target actionlib_generate_messages_eus
[  0%] Built target roscpp_generate_messages_cpp
[  0%] Built target actionlib_generate_messages_lisp
[  0%] Built target roscpp_generate_messages_eus
[  0%] Built target rm_msgs_generate_messages_eus
[  0%] Built target actionlib_generate_messages_cpp
[  0%] Built target std_msgs_generate_messages_py
[  0%] Built target std_msgs_generate_messages_lisp
[  0%] Built target rm_msgs_generate_messages_nodejs
[  0%] Built target std_msgs_generate_messages_nodejs
[  0%] Built target std_msgs_generate_messages_cpp
[  0%] Built target rm_msgs_generate_messages_cpp
[  0%] Built target roscpp_generate_messages_lisp
[  0%] Built target rosgraph_msgs_generate_messages_nodejs
[  0%] Built target rm_msgs_generate_messages_lisp
[  0%] Built target geometry_msgs_generate_messages_eus
[35m[1mScanning dependencies of target radio_referee_parser[0m
[ 50%] [32mBuilding CXX object CMakeFiles/radio_referee_parser.dir/src/radio_referee_parser.cpp.o[0m
[01m[K/home/robot/radio_ws/src/radio_referee_parser/src/radio_referee_parser.cpp:[m[K In member function ‘[01m[Kvoid radio_referee_parser::RadioRefereeParser::parseRfidStatus(const uint8_t*, uint16_t)[m[K’:
[01m[K/home/robot/radio_ws/src/radio_referee_parser/src/radio_referee_parser.cpp:404:46:[m[K [01;31m[Kerror: [m[Kright shift count >= width of type [[01;31m[K-Werror=shift-count-overflow[m[K]
  404 |   bool e_trap_tun_l = (rfid_data->field_1 >> [01;31m[KBIT_ENEMY_TRAPEZOIDAL_TUNNEL_L[m[K) & 1;
      |                                              [01;31m[K^~~~~~~~~~~~~~~~~~~~~~~~~~~~~~[m[K
[01m[K/home/robot/radio_ws/src/radio_referee_parser/src/radio_referee_parser.cpp:405:46:[m[K [01;31m[Kerror: [m[Kright shift count >= width of type [[01;31m[K-Werror=shift-count-overflow[m[K]
  405 |   bool e_trap_tun_h = (rfid_data->field_1 >> [01;31m[KBIT_ENEMY_TRAPEZOIDAL_TUNNEL_H[m[K) & 1;
      |                                              [01;31m[K^~~~~~~~~~~~~~~~~~~~~~~~~~~~~~[m[K
[01m[K/home/robot/radio_ws/src/radio_referee_parser/src/radio_referee_parser.cpp:[m[K At global scope:
[01m[K/home/robot/radio_ws/src/radio_referee_parser/src/radio_referee_parser.cpp:58:6:[m[K [01;31m[Kerror: [m[K‘[01m[Kbool {anonymous}::Verify_CRC16_Check_Sum(const uint8_t*, uint32_t)[m[K’ defined but not used [[01;31m[K-Werror=unused-function[m[K]
   58 | bool [01;31m[KVerify_CRC16_Check_Sum[m[K(const uint8_t* pchMessage, uint32_t dwLength) {
      |      [01;31m[K^~~~~~~~~~~~~~~~~~~~~~[m[K
[01m[K/home/robot/radio_ws/src/radio_referee_parser/src/radio_referee_parser.cpp:44:9:[m[K [01;31m[Kerror: [m[K‘[01m[Kuint8_t {anonymous}::Get_CRC8_Check_Sum(const uint8_t*, uint32_t)[m[K’ defined but not used [[01;31m[K-Werror=unused-function[m[K]
   44 | uint8_t [01;31m[KGet_CRC8_Check_Sum[m[K(const uint8_t* pchMessage, uint32_t dwLength) {
      |         [01;31m[K^~~~~~~~~~~~~~~~~~[m[K
cc1plus: all warnings being treated as errors
make[2]: *** [CMakeFiles/radio_referee_parser.dir/build.make:63：CMakeFiles/radio_referee_parser.dir/src/radio_referee_parser.cpp.o] 错误 1
make[1]: *** [CMakeFiles/Makefile2:209：CMakeFiles/radio_referee_parser.dir/all] 错误 2
make: *** [Makefile:141：all] 错误 2
