Symlinking /home/robot/radio_ws/devel/include/rm_msgs/EnableImuTriggerRequest.h
Symlinking /home/robot/radio_ws/devel/include/rm_msgs/LpData.h
Symlinking /home/robot/radio_ws/devel/include/rm_msgs/GimbalCmd.h
Symlinking /home/robot/radio_ws/devel/include/rm_msgs/SetLimitVel.h
Symlinking /home/robot/radio_ws/devel/include/rm_msgs/RadarData.h
Symlinking /home/robot/radio_ws/devel/include/rm_msgs/RadarMarkData.h
Symlinking /home/robot/radio_ws/devel/include/rm_msgs/IcraBuffDebuffZoneStatus.h
Symlinking /home/robot/radio_ws/devel/include/rm_msgs/GameRobotStatus.h
Symlinking /home/robot/radio_ws/devel/include/rm_msgs/EnableGyro.h
Symlinking /home/robot/radio_ws/devel/include/rm_msgs/KalmanData.h
Symlinking /home/robot/radio_ws/devel/include/rm_msgs/RadarEnemyPosition.h
Symlinking /home/robot/radio_ws/devel/include/rm_msgs/RobotsPositionData.h
Symlinking /home/robot/radio_ws/devel/include/rm_msgs/SentryDeviate.h
Symlinking /home/robot/radio_ws/devel/include/rm_msgs/EngineerAction.h
Symlinking /home/robot/radio_ws/devel/include/rm_msgs/MultiDofCmd.h
Symlinking /home/robot/radio_ws/devel/include/rm_msgs/EngineerResult.h
Symlinking /home/robot/radio_ws/devel/include/rm_msgs/TrackData.h
Symlinking /home/robot/radio_ws/devel/include/rm_msgs/BulletAllowance.h
Symlinking /home/robot/radio_ws/devel/include/rm_msgs/CameraStatusResponse.h
Symlinking /home/robot/radio_ws/devel/include/rm_msgs/RadarEnemyBulletAllowance.h
Symlinking /home/robot/radio_ws/devel/include/rm_msgs/RadarToSentry.h
Symlinking /home/robot/radio_ws/devel/include/rm_msgs/PowerManagementSystemExceptionData.h
Symlinking /home/robot/radio_ws/devel/include/rm_msgs/EventData.h
Symlinking /home/robot/radio_ws/devel/include/rm_msgs/ChassisCmd.h
Symlinking /home/robot/radio_ws/devel/include/rm_msgs/ShootData.h
Symlinking /home/robot/radio_ws/devel/include/rm_msgs/DartInfo.h
Symlinking /home/robot/radio_ws/devel/include/rm_msgs/PowerHeatData.h
Symlinking /home/robot/radio_ws/devel/include/rm_msgs/StatusChange.h
Symlinking /home/robot/radio_ws/devel/include/rm_msgs/ClientMapSendData.h
Symlinking /home/robot/radio_ws/devel/include/rm_msgs/StatusChangeResponse.h
Symlinking /home/robot/radio_ws/devel/include/rm_msgs/ShootBeforehandCmd.h
Symlinking /home/robot/radio_ws/devel/include/rm_msgs/PowerManagementUnknownExceptionData.h
Symlinking /home/robot/radio_ws/devel/include/rm_msgs/RobotHurt.h
Symlinking /home/robot/radio_ws/devel/include/rm_msgs/EngineerActionGoal.h
Symlinking /home/robot/radio_ws/devel/include/rm_msgs/ClientMapReceiveData.h
Symlinking /home/robot/radio_ws/devel/include/rm_msgs/EngineerFeedback.h
Symlinking /home/robot/radio_ws/devel/include/rm_msgs/EngineerGoal.h
Symlinking /home/robot/radio_ws/devel/include/rm_msgs/RadarInfo.h
Symlinking /home/robot/radio_ws/devel/include/rm_msgs/ShootCmd.h
Symlinking /home/robot/radio_ws/devel/include/rm_msgs/SetLimitVelRequest.h
Symlinking /home/robot/radio_ws/devel/include/rm_msgs/RadarDoubleKey.h
Symlinking /home/robot/radio_ws/devel/include/rm_msgs/DartStatus.h
Symlinking /home/robot/radio_ws/devel/include/rm_msgs/EnableGyroRequest.h
Symlinking /home/robot/radio_ws/devel/include/rm_msgs/EngineerActionResult.h
Symlinking /home/robot/radio_ws/devel/include/rm_msgs/TargetDetectionArray.h
Symlinking /home/robot/radio_ws/devel/include/rm_msgs/SentryCmd.h
Symlinking /home/robot/radio_ws/devel/include/rm_msgs/ContinousDetectorSwitchResponse.h
Symlinking /home/robot/radio_ws/devel/include/rm_msgs/RadarCmd.h
Symlinking /home/robot/radio_ws/devel/include/rm_msgs/SentryAttackingTarget.h
Symlinking /home/robot/radio_ws/devel/include/rm_msgs/StatusChangeRequest.h
Symlinking /home/robot/radio_ws/devel/include/rm_msgs/GameRobotPosData.h
Symlinking /home/robot/radio_ws/devel/include/rm_msgs/BalanceState.h
Symlinking /home/robot/radio_ws/devel/include/rm_msgs/RfidStatus.h
Symlinking /home/robot/radio_ws/devel/include/rm_msgs/EngineerActionFeedback.h
Symlinking /home/robot/radio_ws/devel/include/rm_msgs/VisualizeStateData.h
Symlinking /home/robot/radio_ws/devel/include/rm_msgs/PowerManagementSampleAndStatusData.h
Symlinking /home/robot/radio_ws/devel/include/rm_msgs/GameStatus.h
Symlinking /home/robot/radio_ws/devel/include/rm_msgs/RadarEnemyHp.h
Symlinking /home/robot/radio_ws/devel/include/rm_msgs/ManualToReferee.h
Symlinking /home/robot/radio_ws/devel/include/rm_msgs/ExchangerMsg.h
Symlinking /home/robot/radio_ws/devel/include/rm_msgs/PowerManagementInitializationExceptionData.h
Symlinking /home/robot/radio_ws/devel/include/rm_msgs/GpioData.h
Symlinking /home/robot/radio_ws/devel/include/rm_msgs/RadarEnemyStatus.h
Symlinking /home/robot/radio_ws/devel/include/rm_msgs/Buff.h
Symlinking /home/robot/radio_ws/devel/include/rm_msgs/MovingAverageData.h
Symlinking /home/robot/radio_ws/devel/include/rm_msgs/StateCmd.h
Symlinking /home/robot/radio_ws/devel/include/rm_msgs/EnableImuTrigger.h
Symlinking /home/robot/radio_ws/devel/include/rm_msgs/TargetDetection.h
Symlinking /home/robot/radio_ws/devel/include/rm_msgs/LegCmd.h
Symlinking /home/robot/radio_ws/devel/include/rm_msgs/RadarRadioData.h
Symlinking /home/robot/radio_ws/devel/include/rm_msgs/GimbalPosState.h
Symlinking /home/robot/radio_ws/devel/include/rm_msgs/ContinousDetectorSwitch.h
Symlinking /home/robot/radio_ws/devel/include/rm_msgs/TofRadarData.h
Symlinking /home/robot/radio_ws/devel/include/rm_msgs/EnableGyroResponse.h
Symlinking /home/robot/radio_ws/devel/include/rm_msgs/TagMsgArray.h
Symlinking /home/robot/radio_ws/devel/include/rm_msgs/GimbalDesError.h
Symlinking /home/robot/radio_ws/devel/include/rm_msgs/ShootState.h
Symlinking /home/robot/radio_ws/devel/include/rm_msgs/RadarEnemyBuff.h
Symlinking /home/robot/radio_ws/devel/include/rm_msgs/PriorityArray.h
Symlinking /home/robot/radio_ws/devel/include/rm_msgs/GameRobotHp.h
Symlinking /home/robot/radio_ws/devel/include/rm_msgs/LocalHeatState.h
Symlinking /home/robot/radio_ws/devel/include/rm_msgs/ContinousDetectorSwitchRequest.h
Symlinking /home/robot/radio_ws/devel/include/rm_msgs/RadarRobotBuff.h
Symlinking /home/robot/radio_ws/devel/include/rm_msgs/PowerManagementProcessStackOverflowData.h
Symlinking /home/robot/radio_ws/devel/include/rm_msgs/DartRemainingTime.h
Symlinking /home/robot/radio_ws/devel/include/rm_msgs/SupplyProjectileAction.h
Symlinking /home/robot/radio_ws/devel/include/rm_msgs/BusState.h
Symlinking /home/robot/radio_ws/devel/include/rm_msgs/CameraStatus.h
Symlinking /home/robot/radio_ws/devel/include/rm_msgs/ActuatorState.h
Symlinking /home/robot/radio_ws/devel/include/rm_msgs/MapSentryData.h
Symlinking /home/robot/radio_ws/devel/include/rm_msgs/CapacityData.h
Symlinking /home/robot/radio_ws/devel/include/rm_msgs/EnableImuTriggerResponse.h
Symlinking /home/robot/radio_ws/devel/include/rm_msgs/CurrentSentryPosData.h
Symlinking /home/robot/radio_ws/devel/include/rm_msgs/TagMsg.h
Symlinking /home/robot/radio_ws/devel/include/rm_msgs/DartClientCmd.h
Symlinking /home/robot/radio_ws/devel/include/rm_msgs/SentryInfo.h
Symlinking /home/robot/radio_ws/devel/include/rm_msgs/DbusData.h
Symlinking /home/robot/radio_ws/devel/include/rm_msgs/SetLimitVelResponse.h
Symlinking /home/robot/radio_ws/devel/include/rm_msgs/EngineerUi.h
Symlinking /home/robot/radio_ws/devel/include/rm_msgs/CameraStatusRequest.h
Symlinking /home/robot/radio_ws/devel/lib/python3/dist-packages/rm_msgs/__init__.py
Symlinking /home/robot/radio_ws/devel/lib/python3/dist-packages/rm_msgs/msg/_DartClientCmd.py
Symlinking /home/robot/radio_ws/devel/lib/python3/dist-packages/rm_msgs/msg/_EngineerAction.py
Symlinking /home/robot/radio_ws/devel/lib/python3/dist-packages/rm_msgs/msg/_CurrentSentryPosData.py
Symlinking /home/robot/radio_ws/devel/lib/python3/dist-packages/rm_msgs/msg/_PowerManagementUnknownExceptionData.py
Symlinking /home/robot/radio_ws/devel/lib/python3/dist-packages/rm_msgs/msg/_EngineerActionResult.py
Symlinking /home/robot/radio_ws/devel/lib/python3/dist-packages/rm_msgs/msg/_GameRobotPosData.py
Symlinking /home/robot/radio_ws/devel/lib/python3/dist-packages/rm_msgs/msg/_PowerManagementProcessStackOverflowData.py
Symlinking /home/robot/radio_ws/devel/lib/python3/dist-packages/rm_msgs/msg/_TargetDetectionArray.py
Symlinking /home/robot/radio_ws/devel/lib/python3/dist-packages/rm_msgs/msg/_ClientMapSendData.py
Symlinking /home/robot/radio_ws/devel/lib/python3/dist-packages/rm_msgs/msg/_EngineerFeedback.py
Symlinking /home/robot/radio_ws/devel/lib/python3/dist-packages/rm_msgs/msg/_DartInfo.py
Symlinking /home/robot/radio_ws/devel/lib/python3/dist-packages/rm_msgs/msg/_LegCmd.py
Symlinking /home/robot/radio_ws/devel/lib/python3/dist-packages/rm_msgs/msg/_RadarMarkData.py
Symlinking /home/robot/radio_ws/devel/lib/python3/dist-packages/rm_msgs/msg/_TofRadarData.py
Symlinking /home/robot/radio_ws/devel/lib/python3/dist-packages/rm_msgs/msg/_PowerHeatData.py
Symlinking /home/robot/radio_ws/devel/lib/python3/dist-packages/rm_msgs/msg/_RadarEnemyPosition.py
Symlinking /home/robot/radio_ws/devel/lib/python3/dist-packages/rm_msgs/msg/_EngineerGoal.py
Symlinking /home/robot/radio_ws/devel/lib/python3/dist-packages/rm_msgs/msg/_EventData.py
Symlinking /home/robot/radio_ws/devel/lib/python3/dist-packages/rm_msgs/msg/_StateCmd.py
Symlinking /home/robot/radio_ws/devel/lib/python3/dist-packages/rm_msgs/msg/_SupplyProjectileAction.py
Symlinking /home/robot/radio_ws/devel/lib/python3/dist-packages/rm_msgs/msg/_MultiDofCmd.py
Symlinking /home/robot/radio_ws/devel/lib/python3/dist-packages/rm_msgs/msg/_ShootCmd.py
Symlinking /home/robot/radio_ws/devel/lib/python3/dist-packages/rm_msgs/msg/_GameStatus.py
Symlinking /home/robot/radio_ws/devel/lib/python3/dist-packages/rm_msgs/msg/_EngineerActionGoal.py
Symlinking /home/robot/radio_ws/devel/lib/python3/dist-packages/rm_msgs/msg/_DartStatus.py
Symlinking /home/robot/radio_ws/devel/lib/python3/dist-packages/rm_msgs/msg/_RadarDoubleKey.py
Symlinking /home/robot/radio_ws/devel/lib/python3/dist-packages/rm_msgs/msg/_GimbalPosState.py
Symlinking /home/robot/radio_ws/devel/lib/python3/dist-packages/rm_msgs/msg/_CapacityData.py
Symlinking /home/robot/radio_ws/devel/lib/python3/dist-packages/rm_msgs/msg/_EngineerActionFeedback.py
Symlinking /home/robot/radio_ws/devel/lib/python3/dist-packages/rm_msgs/msg/_DartRemainingTime.py
Symlinking /home/robot/radio_ws/devel/lib/python3/dist-packages/rm_msgs/msg/_RadarCmd.py
Symlinking /home/robot/radio_ws/devel/lib/python3/dist-packages/rm_msgs/msg/_RadarEnemyBulletAllowance.py
Symlinking /home/robot/radio_ws/devel/lib/python3/dist-packages/rm_msgs/msg/_VisualizeStateData.py
Symlinking /home/robot/radio_ws/devel/lib/python3/dist-packages/rm_msgs/msg/_RfidStatus.py
Symlinking /home/robot/radio_ws/devel/lib/python3/dist-packages/rm_msgs/msg/__init__.py
Symlinking /home/robot/radio_ws/devel/lib/python3/dist-packages/rm_msgs/msg/_IcraBuffDebuffZoneStatus.py
Symlinking /home/robot/radio_ws/devel/lib/python3/dist-packages/rm_msgs/msg/_RadarRadioData.py
Symlinking /home/robot/radio_ws/devel/lib/python3/dist-packages/rm_msgs/msg/_SentryCmd.py
Symlinking /home/robot/radio_ws/devel/lib/python3/dist-packages/rm_msgs/msg/_RadarEnemyStatus.py
Symlinking /home/robot/radio_ws/devel/lib/python3/dist-packages/rm_msgs/msg/_BulletAllowance.py
Symlinking /home/robot/radio_ws/devel/lib/python3/dist-packages/rm_msgs/msg/_BalanceState.py
Symlinking /home/robot/radio_ws/devel/lib/python3/dist-packages/rm_msgs/msg/_PowerManagementSystemExceptionData.py
Symlinking /home/robot/radio_ws/devel/lib/python3/dist-packages/rm_msgs/msg/_MapSentryData.py
Symlinking /home/robot/radio_ws/devel/lib/python3/dist-packages/rm_msgs/msg/_RadarInfo.py
Symlinking /home/robot/radio_ws/devel/lib/python3/dist-packages/rm_msgs/msg/_GameRobotHp.py
Symlinking /home/robot/radio_ws/devel/lib/python3/dist-packages/rm_msgs/msg/_BusState.py
Symlinking /home/robot/radio_ws/devel/lib/python3/dist-packages/rm_msgs/msg/_MovingAverageData.py
Symlinking /home/robot/radio_ws/devel/lib/python3/dist-packages/rm_msgs/msg/_ShootData.py
Symlinking /home/robot/radio_ws/devel/lib/python3/dist-packages/rm_msgs/msg/_RadarEnemyHp.py
Symlinking /home/robot/radio_ws/devel/lib/python3/dist-packages/rm_msgs/msg/_SentryAttackingTarget.py
Symlinking /home/robot/radio_ws/devel/lib/python3/dist-packages/rm_msgs/msg/_GameRobotStatus.py
Symlinking /home/robot/radio_ws/devel/lib/python3/dist-packages/rm_msgs/msg/_RadarEnemyBuff.py
Symlinking /home/robot/radio_ws/devel/lib/python3/dist-packages/rm_msgs/msg/_TargetDetection.py
Symlinking /home/robot/radio_ws/devel/lib/python3/dist-packages/rm_msgs/msg/_TagMsgArray.py
Symlinking /home/robot/radio_ws/devel/lib/python3/dist-packages/rm_msgs/msg/_ChassisCmd.py
Symlinking /home/robot/radio_ws/devel/lib/python3/dist-packages/rm_msgs/msg/_RadarData.py
Symlinking /home/robot/radio_ws/devel/lib/python3/dist-packages/rm_msgs/msg/_ClientMapReceiveData.py
Symlinking /home/robot/radio_ws/devel/lib/python3/dist-packages/rm_msgs/msg/_DbusData.py
Symlinking /home/robot/radio_ws/devel/lib/python3/dist-packages/rm_msgs/msg/_SentryDeviate.py
Symlinking /home/robot/radio_ws/devel/lib/python3/dist-packages/rm_msgs/msg/_GpioData.py
Symlinking /home/robot/radio_ws/devel/lib/python3/dist-packages/rm_msgs/msg/_EngineerUi.py
Symlinking /home/robot/radio_ws/devel/lib/python3/dist-packages/rm_msgs/msg/_PowerManagementSampleAndStatusData.py
Symlinking /home/robot/radio_ws/devel/lib/python3/dist-packages/rm_msgs/msg/_TrackData.py
Symlinking /home/robot/radio_ws/devel/lib/python3/dist-packages/rm_msgs/msg/_TagMsg.py
Symlinking /home/robot/radio_ws/devel/lib/python3/dist-packages/rm_msgs/msg/_SentryInfo.py
Symlinking /home/robot/radio_ws/devel/lib/python3/dist-packages/rm_msgs/msg/_ActuatorState.py
Symlinking /home/robot/radio_ws/devel/lib/python3/dist-packages/rm_msgs/msg/_ShootState.py
Symlinking /home/robot/radio_ws/devel/lib/python3/dist-packages/rm_msgs/msg/_RobotHurt.py
Symlinking /home/robot/radio_ws/devel/lib/python3/dist-packages/rm_msgs/msg/_PriorityArray.py
Symlinking /home/robot/radio_ws/devel/lib/python3/dist-packages/rm_msgs/msg/_LpData.py
Symlinking /home/robot/radio_ws/devel/lib/python3/dist-packages/rm_msgs/msg/_GimbalDesError.py
Symlinking /home/robot/radio_ws/devel/lib/python3/dist-packages/rm_msgs/msg/_LocalHeatState.py
Symlinking /home/robot/radio_ws/devel/lib/python3/dist-packages/rm_msgs/msg/_GimbalCmd.py
Symlinking /home/robot/radio_ws/devel/lib/python3/dist-packages/rm_msgs/msg/_RobotsPositionData.py
Symlinking /home/robot/radio_ws/devel/lib/python3/dist-packages/rm_msgs/msg/_ShootBeforehandCmd.py
Symlinking /home/robot/radio_ws/devel/lib/python3/dist-packages/rm_msgs/msg/_KalmanData.py
Symlinking /home/robot/radio_ws/devel/lib/python3/dist-packages/rm_msgs/msg/_ExchangerMsg.py
Symlinking /home/robot/radio_ws/devel/lib/python3/dist-packages/rm_msgs/msg/_Buff.py
Symlinking /home/robot/radio_ws/devel/lib/python3/dist-packages/rm_msgs/msg/_EngineerResult.py
Symlinking /home/robot/radio_ws/devel/lib/python3/dist-packages/rm_msgs/msg/_ManualToReferee.py
Symlinking /home/robot/radio_ws/devel/lib/python3/dist-packages/rm_msgs/msg/_PowerManagementInitializationExceptionData.py
Symlinking /home/robot/radio_ws/devel/lib/python3/dist-packages/rm_msgs/msg/_RadarToSentry.py
Symlinking /home/robot/radio_ws/devel/lib/python3/dist-packages/rm_msgs/msg/_RadarRobotBuff.py
Symlinking /home/robot/radio_ws/devel/lib/python3/dist-packages/rm_msgs/srv/_EnableGyro.py
Symlinking /home/robot/radio_ws/devel/lib/python3/dist-packages/rm_msgs/srv/_CameraStatus.py
Symlinking /home/robot/radio_ws/devel/lib/python3/dist-packages/rm_msgs/srv/_ContinousDetectorSwitch.py
Symlinking /home/robot/radio_ws/devel/lib/python3/dist-packages/rm_msgs/srv/_StatusChange.py
Symlinking /home/robot/radio_ws/devel/lib/python3/dist-packages/rm_msgs/srv/__init__.py
Symlinking /home/robot/radio_ws/devel/lib/python3/dist-packages/rm_msgs/srv/_EnableImuTrigger.py
Symlinking /home/robot/radio_ws/devel/lib/python3/dist-packages/rm_msgs/srv/_SetLimitVel.py
Symlinking /home/robot/radio_ws/devel/lib/pkgconfig/rm_msgs.pc
Symlinking /home/robot/radio_ws/devel/share/common-lisp/ros/rm_msgs/msg/SentryCmd.lisp
Symlinking /home/robot/radio_ws/devel/share/common-lisp/ros/rm_msgs/msg/_package_MapSentryData.lisp
Symlinking /home/robot/radio_ws/devel/share/common-lisp/ros/rm_msgs/msg/BalanceState.lisp
Symlinking /home/robot/radio_ws/devel/share/common-lisp/ros/rm_msgs/msg/_package_EngineerUi.lisp
Symlinking /home/robot/radio_ws/devel/share/common-lisp/ros/rm_msgs/msg/VisualizeStateData.lisp
Symlinking /home/robot/radio_ws/devel/share/common-lisp/ros/rm_msgs/msg/_package_GameStatus.lisp
Symlinking /home/robot/radio_ws/devel/share/common-lisp/ros/rm_msgs/msg/_package_ShootState.lisp
Symlinking /home/robot/radio_ws/devel/share/common-lisp/ros/rm_msgs/msg/_package_PowerManagementProcessStackOverflowData.lisp
Symlinking /home/robot/radio_ws/devel/share/common-lisp/ros/rm_msgs/msg/_package_GameRobotStatus.lisp
Symlinking /home/robot/radio_ws/devel/share/common-lisp/ros/rm_msgs/msg/GameRobotHp.lisp
Symlinking /home/robot/radio_ws/devel/share/common-lisp/ros/rm_msgs/msg/EngineerFeedback.lisp
Symlinking /home/robot/radio_ws/devel/share/common-lisp/ros/rm_msgs/msg/ManualToReferee.lisp
Symlinking /home/robot/radio_ws/devel/share/common-lisp/ros/rm_msgs/msg/_package_PowerManagementSystemExceptionData.lisp
Symlinking /home/robot/radio_ws/devel/share/common-lisp/ros/rm_msgs/msg/_package_EngineerActionFeedback.lisp
Symlinking /home/robot/radio_ws/devel/share/common-lisp/ros/rm_msgs/msg/RadarEnemyStatus.lisp
Symlinking /home/robot/radio_ws/devel/share/common-lisp/ros/rm_msgs/msg/RadarEnemyPosition.lisp
Symlinking /home/robot/radio_ws/devel/share/common-lisp/ros/rm_msgs/msg/_package_DartInfo.lisp
Symlinking /home/robot/radio_ws/devel/share/common-lisp/ros/rm_msgs/msg/_package_IcraBuffDebuffZoneStatus.lisp
Symlinking /home/robot/radio_ws/devel/share/common-lisp/ros/rm_msgs/msg/TagMsg.lisp
Symlinking /home/robot/radio_ws/devel/share/common-lisp/ros/rm_msgs/msg/SentryAttackingTarget.lisp
Symlinking /home/robot/radio_ws/devel/share/common-lisp/ros/rm_msgs/msg/DartInfo.lisp
Symlinking /home/robot/radio_ws/devel/share/common-lisp/ros/rm_msgs/msg/EventData.lisp
Symlinking /home/robot/radio_ws/devel/share/common-lisp/ros/rm_msgs/msg/_package_CapacityData.lisp
Symlinking /home/robot/radio_ws/devel/share/common-lisp/ros/rm_msgs/msg/GpioData.lisp
Symlinking /home/robot/radio_ws/devel/share/common-lisp/ros/rm_msgs/msg/_package_GpioData.lisp
Symlinking /home/robot/radio_ws/devel/share/common-lisp/ros/rm_msgs/msg/_package_DartStatus.lisp
Symlinking /home/robot/radio_ws/devel/share/common-lisp/ros/rm_msgs/msg/_package_BusState.lisp
Symlinking /home/robot/radio_ws/devel/share/common-lisp/ros/rm_msgs/msg/DbusData.lisp
Symlinking /home/robot/radio_ws/devel/share/common-lisp/ros/rm_msgs/msg/_package_VisualizeStateData.lisp
Symlinking /home/robot/radio_ws/devel/share/common-lisp/ros/rm_msgs/msg/_package_TofRadarData.lisp
Symlinking /home/robot/radio_ws/devel/share/common-lisp/ros/rm_msgs/msg/StateCmd.lisp
Symlinking /home/robot/radio_ws/devel/share/common-lisp/ros/rm_msgs/msg/_package_PowerManagementInitializationExceptionData.lisp
Symlinking /home/robot/radio_ws/devel/share/common-lisp/ros/rm_msgs/msg/ShootBeforehandCmd.lisp
Symlinking /home/robot/radio_ws/devel/share/common-lisp/ros/rm_msgs/msg/_package_RobotHurt.lisp
Symlinking /home/robot/radio_ws/devel/share/common-lisp/ros/rm_msgs/msg/_package_RadarEnemyBulletAllowance.lisp
Symlinking /home/robot/radio_ws/devel/share/common-lisp/ros/rm_msgs/msg/_package_MultiDofCmd.lisp
Symlinking /home/robot/radio_ws/devel/share/common-lisp/ros/rm_msgs/msg/PriorityArray.lisp
Symlinking /home/robot/radio_ws/devel/share/common-lisp/ros/rm_msgs/msg/MapSentryData.lisp
Symlinking /home/robot/radio_ws/devel/share/common-lisp/ros/rm_msgs/msg/RadarToSentry.lisp
Symlinking /home/robot/radio_ws/devel/share/common-lisp/ros/rm_msgs/msg/RadarEnemyBulletAllowance.lisp
Symlinking /home/robot/radio_ws/devel/share/common-lisp/ros/rm_msgs/msg/GimbalCmd.lisp
Symlinking /home/robot/radio_ws/devel/share/common-lisp/ros/rm_msgs/msg/_package_Buff.lisp
Symlinking /home/robot/radio_ws/devel/share/common-lisp/ros/rm_msgs/msg/ShootCmd.lisp
Symlinking /home/robot/radio_ws/devel/share/common-lisp/ros/rm_msgs/msg/_package_ClientMapSendData.lisp
Symlinking /home/robot/radio_ws/devel/share/common-lisp/ros/rm_msgs/msg/_package_DartRemainingTime.lisp
Symlinking /home/robot/radio_ws/devel/share/common-lisp/ros/rm_msgs/msg/GimbalPosState.lisp
Symlinking /home/robot/radio_ws/devel/share/common-lisp/ros/rm_msgs/msg/GameStatus.lisp
Symlinking /home/robot/radio_ws/devel/share/common-lisp/ros/rm_msgs/msg/LegCmd.lisp
Symlinking /home/robot/radio_ws/devel/share/common-lisp/ros/rm_msgs/msg/BusState.lisp
Symlinking /home/robot/radio_ws/devel/share/common-lisp/ros/rm_msgs/msg/_package_LpData.lisp
Symlinking /home/robot/radio_ws/devel/share/common-lisp/ros/rm_msgs/msg/EngineerUi.lisp
Symlinking /home/robot/radio_ws/devel/share/common-lisp/ros/rm_msgs/msg/_package_SupplyProjectileAction.lisp
Symlinking /home/robot/radio_ws/devel/share/common-lisp/ros/rm_msgs/msg/_package_GameRobotPosData.lisp
Symlinking /home/robot/radio_ws/devel/share/common-lisp/ros/rm_msgs/msg/PowerManagementProcessStackOverflowData.lisp
Symlinking /home/robot/radio_ws/devel/share/common-lisp/ros/rm_msgs/msg/_package_LocalHeatState.lisp
Symlinking /home/robot/radio_ws/devel/share/common-lisp/ros/rm_msgs/msg/RfidStatus.lisp
Symlinking /home/robot/radio_ws/devel/share/common-lisp/ros/rm_msgs/msg/RadarEnemyHp.lisp
Symlinking /home/robot/radio_ws/devel/share/common-lisp/ros/rm_msgs/msg/RadarRadioData.lisp
Symlinking /home/robot/radio_ws/devel/share/common-lisp/ros/rm_msgs/msg/_package_ManualToReferee.lisp
Symlinking /home/robot/radio_ws/devel/share/common-lisp/ros/rm_msgs/msg/KalmanData.lisp
Symlinking /home/robot/radio_ws/devel/share/common-lisp/ros/rm_msgs/msg/_package_EngineerResult.lisp
Symlinking /home/robot/radio_ws/devel/share/common-lisp/ros/rm_msgs/msg/SupplyProjectileAction.lisp
Symlinking /home/robot/radio_ws/devel/share/common-lisp/ros/rm_msgs/msg/_package_GimbalPosState.lisp
Symlinking /home/robot/radio_ws/devel/share/common-lisp/ros/rm_msgs/msg/EngineerAction.lisp
Symlinking /home/robot/radio_ws/devel/share/common-lisp/ros/rm_msgs/msg/TrackData.lisp
Symlinking /home/robot/radio_ws/devel/share/common-lisp/ros/rm_msgs/msg/RobotsPositionData.lisp
Symlinking /home/robot/radio_ws/devel/share/common-lisp/ros/rm_msgs/msg/_package_PowerManagementSampleAndStatusData.lisp
Symlinking /home/robot/radio_ws/devel/share/common-lisp/ros/rm_msgs/msg/PowerManagementSystemExceptionData.lisp
Symlinking /home/robot/radio_ws/devel/share/common-lisp/ros/rm_msgs/msg/EngineerGoal.lisp
Symlinking /home/robot/radio_ws/devel/share/common-lisp/ros/rm_msgs/msg/_package_TagMsgArray.lisp
Symlinking /home/robot/radio_ws/devel/share/common-lisp/ros/rm_msgs/msg/DartRemainingTime.lisp
Symlinking /home/robot/radio_ws/devel/share/common-lisp/ros/rm_msgs/msg/ShootData.lisp
Symlinking /home/robot/radio_ws/devel/share/common-lisp/ros/rm_msgs/msg/_package_ChassisCmd.lisp
Symlinking /home/robot/radio_ws/devel/share/common-lisp/ros/rm_msgs/msg/TagMsgArray.lisp
Symlinking /home/robot/radio_ws/devel/share/common-lisp/ros/rm_msgs/msg/Buff.lisp
Symlinking /home/robot/radio_ws/devel/share/common-lisp/ros/rm_msgs/msg/PowerHeatData.lisp
Symlinking /home/robot/radio_ws/devel/share/common-lisp/ros/rm_msgs/msg/PowerManagementInitializationExceptionData.lisp
Symlinking /home/robot/radio_ws/devel/share/common-lisp/ros/rm_msgs/msg/_package_DbusData.lisp
Symlinking /home/robot/radio_ws/devel/share/common-lisp/ros/rm_msgs/msg/_package_SentryInfo.lisp
Symlinking /home/robot/radio_ws/devel/share/common-lisp/ros/rm_msgs/msg/RadarEnemyBuff.lisp
Symlinking /home/robot/radio_ws/devel/share/common-lisp/ros/rm_msgs/msg/_package_RadarToSentry.lisp
Symlinking /home/robot/radio_ws/devel/share/common-lisp/ros/rm_msgs/msg/_package_RobotsPositionData.lisp
Symlinking /home/robot/radio_ws/devel/share/common-lisp/ros/rm_msgs/msg/_package_PriorityArray.lisp
Symlinking /home/robot/radio_ws/devel/share/common-lisp/ros/rm_msgs/msg/_package_GameRobotHp.lisp
Symlinking /home/robot/radio_ws/devel/share/common-lisp/ros/rm_msgs/msg/RadarCmd.lisp
Symlinking /home/robot/radio_ws/devel/share/common-lisp/ros/rm_msgs/msg/RobotHurt.lisp
Symlinking /home/robot/radio_ws/devel/share/common-lisp/ros/rm_msgs/msg/EngineerActionGoal.lisp
Symlinking /home/robot/radio_ws/devel/share/common-lisp/ros/rm_msgs/msg/_package_CurrentSentryPosData.lisp
Symlinking /home/robot/radio_ws/devel/share/common-lisp/ros/rm_msgs/msg/DartStatus.lisp
Symlinking /home/robot/radio_ws/devel/share/common-lisp/ros/rm_msgs/msg/PowerManagementUnknownExceptionData.lisp
Symlinking /home/robot/radio_ws/devel/share/common-lisp/ros/rm_msgs/msg/_package_RadarDoubleKey.lisp
Symlinking /home/robot/radio_ws/devel/share/common-lisp/ros/rm_msgs/msg/_package_RadarInfo.lisp
Symlinking /home/robot/radio_ws/devel/share/common-lisp/ros/rm_msgs/msg/LpData.lisp
Symlinking /home/robot/radio_ws/devel/share/common-lisp/ros/rm_msgs/msg/_package_RadarEnemyStatus.lisp
Symlinking /home/robot/radio_ws/devel/share/common-lisp/ros/rm_msgs/msg/_package_PowerHeatData.lisp
Symlinking /home/robot/radio_ws/devel/share/common-lisp/ros/rm_msgs/msg/_package_TrackData.lisp
Symlinking /home/robot/radio_ws/devel/share/common-lisp/ros/rm_msgs/msg/_package_EngineerActionGoal.lisp
Symlinking /home/robot/radio_ws/devel/share/common-lisp/ros/rm_msgs/msg/_package_ActuatorState.lisp
Symlinking /home/robot/radio_ws/devel/share/common-lisp/ros/rm_msgs/msg/GimbalDesError.lisp
Symlinking /home/robot/radio_ws/devel/share/common-lisp/ros/rm_msgs/msg/_package_ShootCmd.lisp
Symlinking /home/robot/radio_ws/devel/share/common-lisp/ros/rm_msgs/msg/RadarRobotBuff.lisp
Symlinking /home/robot/radio_ws/devel/share/common-lisp/ros/rm_msgs/msg/RadarData.lisp
Symlinking /home/robot/radio_ws/devel/share/common-lisp/ros/rm_msgs/msg/CapacityData.lisp
Symlinking /home/robot/radio_ws/devel/share/common-lisp/ros/rm_msgs/msg/_package_ClientMapReceiveData.lisp
Symlinking /home/robot/radio_ws/devel/share/common-lisp/ros/rm_msgs/msg/_package.lisp
Symlinking /home/robot/radio_ws/devel/share/common-lisp/ros/rm_msgs/msg/_package_EngineerAction.lisp
Symlinking /home/robot/radio_ws/devel/share/common-lisp/ros/rm_msgs/msg/ActuatorState.lisp
Symlinking /home/robot/radio_ws/devel/share/common-lisp/ros/rm_msgs/msg/_package_GimbalDesError.lisp
Symlinking /home/robot/radio_ws/devel/share/common-lisp/ros/rm_msgs/msg/EngineerActionFeedback.lisp
Symlinking /home/robot/radio_ws/devel/share/common-lisp/ros/rm_msgs/msg/_package_EngineerActionResult.lisp
Symlinking /home/robot/radio_ws/devel/share/common-lisp/ros/rm_msgs/msg/DartClientCmd.lisp
Symlinking /home/robot/radio_ws/devel/share/common-lisp/ros/rm_msgs/msg/IcraBuffDebuffZoneStatus.lisp
Symlinking /home/robot/radio_ws/devel/share/common-lisp/ros/rm_msgs/msg/SentryInfo.lisp
Symlinking /home/robot/radio_ws/devel/share/common-lisp/ros/rm_msgs/msg/_package_MovingAverageData.lisp
Symlinking /home/robot/radio_ws/devel/share/common-lisp/ros/rm_msgs/msg/_package_SentryAttackingTarget.lisp
Symlinking /home/robot/radio_ws/devel/share/common-lisp/ros/rm_msgs/msg/_package_EngineerFeedback.lisp
Symlinking /home/robot/radio_ws/devel/share/common-lisp/ros/rm_msgs/msg/EngineerResult.lisp
Symlinking /home/robot/radio_ws/devel/share/common-lisp/ros/rm_msgs/msg/MultiDofCmd.lisp
Symlinking /home/robot/radio_ws/devel/share/common-lisp/ros/rm_msgs/msg/TargetDetection.lisp
Symlinking /home/robot/radio_ws/devel/share/common-lisp/ros/rm_msgs/msg/_package_EngineerGoal.lisp
Symlinking /home/robot/radio_ws/devel/share/common-lisp/ros/rm_msgs/msg/BulletAllowance.lisp
Symlinking /home/robot/radio_ws/devel/share/common-lisp/ros/rm_msgs/msg/ClientMapReceiveData.lisp
Symlinking /home/robot/radio_ws/devel/share/common-lisp/ros/rm_msgs/msg/RadarDoubleKey.lisp
Symlinking /home/robot/radio_ws/devel/share/common-lisp/ros/rm_msgs/msg/rm_msgs-msg.asd
Symlinking /home/robot/radio_ws/devel/share/common-lisp/ros/rm_msgs/msg/_package_BulletAllowance.lisp
Symlinking /home/robot/radio_ws/devel/share/common-lisp/ros/rm_msgs/msg/CurrentSentryPosData.lisp
Symlinking /home/robot/radio_ws/devel/share/common-lisp/ros/rm_msgs/msg/ExchangerMsg.lisp
Symlinking /home/robot/radio_ws/devel/share/common-lisp/ros/rm_msgs/msg/_package_RadarEnemyBuff.lisp
Symlinking /home/robot/radio_ws/devel/share/common-lisp/ros/rm_msgs/msg/_package_TargetDetectionArray.lisp
Symlinking /home/robot/radio_ws/devel/share/common-lisp/ros/rm_msgs/msg/SentryDeviate.lisp
Symlinking /home/robot/radio_ws/devel/share/common-lisp/ros/rm_msgs/msg/_package_SentryDeviate.lisp
Symlinking /home/robot/radio_ws/devel/share/common-lisp/ros/rm_msgs/msg/ClientMapSendData.lisp
Symlinking /home/robot/radio_ws/devel/share/common-lisp/ros/rm_msgs/msg/RadarMarkData.lisp
Symlinking /home/robot/radio_ws/devel/share/common-lisp/ros/rm_msgs/msg/_package_KalmanData.lisp
Symlinking /home/robot/radio_ws/devel/share/common-lisp/ros/rm_msgs/msg/EngineerActionResult.lisp
Symlinking /home/robot/radio_ws/devel/share/common-lisp/ros/rm_msgs/msg/ShootState.lisp
Symlinking /home/robot/radio_ws/devel/share/common-lisp/ros/rm_msgs/msg/_package_RadarCmd.lisp
Symlinking /home/robot/radio_ws/devel/share/common-lisp/ros/rm_msgs/msg/RadarInfo.lisp
Symlinking /home/robot/radio_ws/devel/share/common-lisp/ros/rm_msgs/msg/_package_RadarData.lisp
Symlinking /home/robot/radio_ws/devel/share/common-lisp/ros/rm_msgs/msg/LocalHeatState.lisp
Symlinking /home/robot/radio_ws/devel/share/common-lisp/ros/rm_msgs/msg/ChassisCmd.lisp
Symlinking /home/robot/radio_ws/devel/share/common-lisp/ros/rm_msgs/msg/_package_RadarRobotBuff.lisp
Symlinking /home/robot/radio_ws/devel/share/common-lisp/ros/rm_msgs/msg/_package_ShootData.lisp
Symlinking /home/robot/radio_ws/devel/share/common-lisp/ros/rm_msgs/msg/_package_PowerManagementUnknownExceptionData.lisp
Symlinking /home/robot/radio_ws/devel/share/common-lisp/ros/rm_msgs/msg/_package_RadarEnemyHp.lisp
Symlinking /home/robot/radio_ws/devel/share/common-lisp/ros/rm_msgs/msg/_package_RadarRadioData.lisp
Symlinking /home/robot/radio_ws/devel/share/common-lisp/ros/rm_msgs/msg/_package_ExchangerMsg.lisp
Symlinking /home/robot/radio_ws/devel/share/common-lisp/ros/rm_msgs/msg/_package_TargetDetection.lisp
Symlinking /home/robot/radio_ws/devel/share/common-lisp/ros/rm_msgs/msg/TargetDetectionArray.lisp
Symlinking /home/robot/radio_ws/devel/share/common-lisp/ros/rm_msgs/msg/_package_StateCmd.lisp
Symlinking /home/robot/radio_ws/devel/share/common-lisp/ros/rm_msgs/msg/_package_BalanceState.lisp
Symlinking /home/robot/radio_ws/devel/share/common-lisp/ros/rm_msgs/msg/_package_EventData.lisp
Symlinking /home/robot/radio_ws/devel/share/common-lisp/ros/rm_msgs/msg/_package_GimbalCmd.lisp
Symlinking /home/robot/radio_ws/devel/share/common-lisp/ros/rm_msgs/msg/_package_RfidStatus.lisp
Symlinking /home/robot/radio_ws/devel/share/common-lisp/ros/rm_msgs/msg/_package_RadarEnemyPosition.lisp
Symlinking /home/robot/radio_ws/devel/share/common-lisp/ros/rm_msgs/msg/_package_DartClientCmd.lisp
Symlinking /home/robot/radio_ws/devel/share/common-lisp/ros/rm_msgs/msg/_package_RadarMarkData.lisp
Symlinking /home/robot/radio_ws/devel/share/common-lisp/ros/rm_msgs/msg/GameRobotPosData.lisp
Symlinking /home/robot/radio_ws/devel/share/common-lisp/ros/rm_msgs/msg/GameRobotStatus.lisp
Symlinking /home/robot/radio_ws/devel/share/common-lisp/ros/rm_msgs/msg/TofRadarData.lisp
Symlinking /home/robot/radio_ws/devel/share/common-lisp/ros/rm_msgs/msg/PowerManagementSampleAndStatusData.lisp
Symlinking /home/robot/radio_ws/devel/share/common-lisp/ros/rm_msgs/msg/_package_SentryCmd.lisp
Symlinking /home/robot/radio_ws/devel/share/common-lisp/ros/rm_msgs/msg/_package_LegCmd.lisp
Symlinking /home/robot/radio_ws/devel/share/common-lisp/ros/rm_msgs/msg/MovingAverageData.lisp
Symlinking /home/robot/radio_ws/devel/share/common-lisp/ros/rm_msgs/msg/_package_TagMsg.lisp
Symlinking /home/robot/radio_ws/devel/share/common-lisp/ros/rm_msgs/msg/_package_ShootBeforehandCmd.lisp
Symlinking /home/robot/radio_ws/devel/share/common-lisp/ros/rm_msgs/srv/rm_msgs-srv.asd
Symlinking /home/robot/radio_ws/devel/share/common-lisp/ros/rm_msgs/srv/EnableImuTrigger.lisp
Symlinking /home/robot/radio_ws/devel/share/common-lisp/ros/rm_msgs/srv/_package_StatusChange.lisp
Symlinking /home/robot/radio_ws/devel/share/common-lisp/ros/rm_msgs/srv/CameraStatus.lisp
Symlinking /home/robot/radio_ws/devel/share/common-lisp/ros/rm_msgs/srv/_package_EnableImuTrigger.lisp
Symlinking /home/robot/radio_ws/devel/share/common-lisp/ros/rm_msgs/srv/_package_EnableGyro.lisp
Symlinking /home/robot/radio_ws/devel/share/common-lisp/ros/rm_msgs/srv/_package_SetLimitVel.lisp
Symlinking /home/robot/radio_ws/devel/share/common-lisp/ros/rm_msgs/srv/_package.lisp
Symlinking /home/robot/radio_ws/devel/share/common-lisp/ros/rm_msgs/srv/_package_ContinousDetectorSwitch.lisp
Symlinking /home/robot/radio_ws/devel/share/common-lisp/ros/rm_msgs/srv/EnableGyro.lisp
Symlinking /home/robot/radio_ws/devel/share/common-lisp/ros/rm_msgs/srv/_package_CameraStatus.lisp
Symlinking /home/robot/radio_ws/devel/share/common-lisp/ros/rm_msgs/srv/ContinousDetectorSwitch.lisp
Symlinking /home/robot/radio_ws/devel/share/common-lisp/ros/rm_msgs/srv/SetLimitVel.lisp
Symlinking /home/robot/radio_ws/devel/share/common-lisp/ros/rm_msgs/srv/StatusChange.lisp
Symlinking /home/robot/radio_ws/devel/share/gennodejs/ros/rm_msgs/_index.js
Symlinking /home/robot/radio_ws/devel/share/gennodejs/ros/rm_msgs/msg/ChassisCmd.js
Symlinking /home/robot/radio_ws/devel/share/gennodejs/ros/rm_msgs/msg/TofRadarData.js
Symlinking /home/robot/radio_ws/devel/share/gennodejs/ros/rm_msgs/msg/ManualToReferee.js
Symlinking /home/robot/radio_ws/devel/share/gennodejs/ros/rm_msgs/msg/EngineerActionResult.js
Symlinking /home/robot/radio_ws/devel/share/gennodejs/ros/rm_msgs/msg/EngineerFeedback.js
Symlinking /home/robot/radio_ws/devel/share/gennodejs/ros/rm_msgs/msg/PowerManagementSampleAndStatusData.js
Symlinking /home/robot/radio_ws/devel/share/gennodejs/ros/rm_msgs/msg/RadarDoubleKey.js
Symlinking /home/robot/radio_ws/devel/share/gennodejs/ros/rm_msgs/msg/DartClientCmd.js
Symlinking /home/robot/radio_ws/devel/share/gennodejs/ros/rm_msgs/msg/ClientMapSendData.js
Symlinking /home/robot/radio_ws/devel/share/gennodejs/ros/rm_msgs/msg/GameRobotStatus.js
Symlinking /home/robot/radio_ws/devel/share/gennodejs/ros/rm_msgs/msg/IcraBuffDebuffZoneStatus.js
Symlinking /home/robot/radio_ws/devel/share/gennodejs/ros/rm_msgs/msg/ActuatorState.js
Symlinking /home/robot/radio_ws/devel/share/gennodejs/ros/rm_msgs/msg/LegCmd.js
Symlinking /home/robot/radio_ws/devel/share/gennodejs/ros/rm_msgs/msg/ShootCmd.js
Symlinking /home/robot/radio_ws/devel/share/gennodejs/ros/rm_msgs/msg/TargetDetectionArray.js
Symlinking /home/robot/radio_ws/devel/share/gennodejs/ros/rm_msgs/msg/PowerManagementProcessStackOverflowData.js
Symlinking /home/robot/radio_ws/devel/share/gennodejs/ros/rm_msgs/msg/CapacityData.js
Symlinking /home/robot/radio_ws/devel/share/gennodejs/ros/rm_msgs/msg/GameStatus.js
Symlinking /home/robot/radio_ws/devel/share/gennodejs/ros/rm_msgs/msg/TrackData.js
Symlinking /home/robot/radio_ws/devel/share/gennodejs/ros/rm_msgs/msg/GimbalPosState.js
Symlinking /home/robot/radio_ws/devel/share/gennodejs/ros/rm_msgs/msg/DartStatus.js
Symlinking /home/robot/radio_ws/devel/share/gennodejs/ros/rm_msgs/msg/EngineerResult.js
Symlinking /home/robot/radio_ws/devel/share/gennodejs/ros/rm_msgs/msg/VisualizeStateData.js
Symlinking /home/robot/radio_ws/devel/share/gennodejs/ros/rm_msgs/msg/BalanceState.js
Symlinking /home/robot/radio_ws/devel/share/gennodejs/ros/rm_msgs/msg/Buff.js
Symlinking /home/robot/radio_ws/devel/share/gennodejs/ros/rm_msgs/msg/SupplyProjectileAction.js
Symlinking /home/robot/radio_ws/devel/share/gennodejs/ros/rm_msgs/msg/SentryDeviate.js
Symlinking /home/robot/radio_ws/devel/share/gennodejs/ros/rm_msgs/msg/EngineerAction.js
Symlinking /home/robot/radio_ws/devel/share/gennodejs/ros/rm_msgs/msg/_index.js
Symlinking /home/robot/radio_ws/devel/share/gennodejs/ros/rm_msgs/msg/GpioData.js
Symlinking /home/robot/radio_ws/devel/share/gennodejs/ros/rm_msgs/msg/RadarEnemyStatus.js
Symlinking /home/robot/radio_ws/devel/share/gennodejs/ros/rm_msgs/msg/CurrentSentryPosData.js
Symlinking /home/robot/radio_ws/devel/share/gennodejs/ros/rm_msgs/msg/BusState.js
Symlinking /home/robot/radio_ws/devel/share/gennodejs/ros/rm_msgs/msg/MapSentryData.js
Symlinking /home/robot/radio_ws/devel/share/gennodejs/ros/rm_msgs/msg/RadarToSentry.js
Symlinking /home/robot/radio_ws/devel/share/gennodejs/ros/rm_msgs/msg/PowerManagementUnknownExceptionData.js
Symlinking /home/robot/radio_ws/devel/share/gennodejs/ros/rm_msgs/msg/ExchangerMsg.js
Symlinking /home/robot/radio_ws/devel/share/gennodejs/ros/rm_msgs/msg/DartInfo.js
Symlinking /home/robot/radio_ws/devel/share/gennodejs/ros/rm_msgs/msg/RobotsPositionData.js
Symlinking /home/robot/radio_ws/devel/share/gennodejs/ros/rm_msgs/msg/RadarRobotBuff.js
Symlinking /home/robot/radio_ws/devel/share/gennodejs/ros/rm_msgs/msg/RobotHurt.js
Symlinking /home/robot/radio_ws/devel/share/gennodejs/ros/rm_msgs/msg/EngineerActionGoal.js
Symlinking /home/robot/radio_ws/devel/share/gennodejs/ros/rm_msgs/msg/GimbalDesError.js
Symlinking /home/robot/radio_ws/devel/share/gennodejs/ros/rm_msgs/msg/RadarMarkData.js
Symlinking /home/robot/radio_ws/devel/share/gennodejs/ros/rm_msgs/msg/RadarRadioData.js
Symlinking /home/robot/radio_ws/devel/share/gennodejs/ros/rm_msgs/msg/KalmanData.js
Symlinking /home/robot/radio_ws/devel/share/gennodejs/ros/rm_msgs/msg/ShootBeforehandCmd.js
Symlinking /home/robot/radio_ws/devel/share/gennodejs/ros/rm_msgs/msg/RadarData.js
Symlinking /home/robot/radio_ws/devel/share/gennodejs/ros/rm_msgs/msg/SentryCmd.js
Symlinking /home/robot/radio_ws/devel/share/gennodejs/ros/rm_msgs/msg/PowerManagementSystemExceptionData.js
Symlinking /home/robot/radio_ws/devel/share/gennodejs/ros/rm_msgs/msg/DartRemainingTime.js
Symlinking /home/robot/radio_ws/devel/share/gennodejs/ros/rm_msgs/msg/RadarInfo.js
Symlinking /home/robot/radio_ws/devel/share/gennodejs/ros/rm_msgs/msg/PriorityArray.js
Symlinking /home/robot/radio_ws/devel/share/gennodejs/ros/rm_msgs/msg/LpData.js
Symlinking /home/robot/radio_ws/devel/share/gennodejs/ros/rm_msgs/msg/DbusData.js
Symlinking /home/robot/radio_ws/devel/share/gennodejs/ros/rm_msgs/msg/RadarEnemyBulletAllowance.js
Symlinking /home/robot/radio_ws/devel/share/gennodejs/ros/rm_msgs/msg/TagMsg.js
Symlinking /home/robot/radio_ws/devel/share/gennodejs/ros/rm_msgs/msg/MovingAverageData.js
Symlinking /home/robot/radio_ws/devel/share/gennodejs/ros/rm_msgs/msg/RfidStatus.js
Symlinking /home/robot/radio_ws/devel/share/gennodejs/ros/rm_msgs/msg/StateCmd.js
Symlinking /home/robot/radio_ws/devel/share/gennodejs/ros/rm_msgs/msg/TagMsgArray.js
Symlinking /home/robot/radio_ws/devel/share/gennodejs/ros/rm_msgs/msg/GameRobotHp.js
Symlinking /home/robot/radio_ws/devel/share/gennodejs/ros/rm_msgs/msg/GameRobotPosData.js
Symlinking /home/robot/radio_ws/devel/share/gennodejs/ros/rm_msgs/msg/ShootData.js
Symlinking /home/robot/radio_ws/devel/share/gennodejs/ros/rm_msgs/msg/PowerHeatData.js
Symlinking /home/robot/radio_ws/devel/share/gennodejs/ros/rm_msgs/msg/EngineerGoal.js
Symlinking /home/robot/radio_ws/devel/share/gennodejs/ros/rm_msgs/msg/PowerManagementInitializationExceptionData.js
Symlinking /home/robot/radio_ws/devel/share/gennodejs/ros/rm_msgs/msg/RadarEnemyHp.js
Symlinking /home/robot/radio_ws/devel/share/gennodejs/ros/rm_msgs/msg/EngineerActionFeedback.js
Symlinking /home/robot/radio_ws/devel/share/gennodejs/ros/rm_msgs/msg/LocalHeatState.js
Symlinking /home/robot/radio_ws/devel/share/gennodejs/ros/rm_msgs/msg/EventData.js
Symlinking /home/robot/radio_ws/devel/share/gennodejs/ros/rm_msgs/msg/RadarCmd.js
Symlinking /home/robot/radio_ws/devel/share/gennodejs/ros/rm_msgs/msg/BulletAllowance.js
Symlinking /home/robot/radio_ws/devel/share/gennodejs/ros/rm_msgs/msg/MultiDofCmd.js
Symlinking /home/robot/radio_ws/devel/share/gennodejs/ros/rm_msgs/msg/GimbalCmd.js
Symlinking /home/robot/radio_ws/devel/share/gennodejs/ros/rm_msgs/msg/RadarEnemyPosition.js
Symlinking /home/robot/radio_ws/devel/share/gennodejs/ros/rm_msgs/msg/SentryAttackingTarget.js
Symlinking /home/robot/radio_ws/devel/share/gennodejs/ros/rm_msgs/msg/TargetDetection.js
Symlinking /home/robot/radio_ws/devel/share/gennodejs/ros/rm_msgs/msg/EngineerUi.js
Symlinking /home/robot/radio_ws/devel/share/gennodejs/ros/rm_msgs/msg/SentryInfo.js
Symlinking /home/robot/radio_ws/devel/share/gennodejs/ros/rm_msgs/msg/ClientMapReceiveData.js
Symlinking /home/robot/radio_ws/devel/share/gennodejs/ros/rm_msgs/msg/RadarEnemyBuff.js
Symlinking /home/robot/radio_ws/devel/share/gennodejs/ros/rm_msgs/msg/ShootState.js
Symlinking /home/robot/radio_ws/devel/share/gennodejs/ros/rm_msgs/srv/SetLimitVel.js
Symlinking /home/robot/radio_ws/devel/share/gennodejs/ros/rm_msgs/srv/StatusChange.js
Symlinking /home/robot/radio_ws/devel/share/gennodejs/ros/rm_msgs/srv/EnableImuTrigger.js
Symlinking /home/robot/radio_ws/devel/share/gennodejs/ros/rm_msgs/srv/_index.js
Symlinking /home/robot/radio_ws/devel/share/gennodejs/ros/rm_msgs/srv/ContinousDetectorSwitch.js
Symlinking /home/robot/radio_ws/devel/share/gennodejs/ros/rm_msgs/srv/EnableGyro.js
Symlinking /home/robot/radio_ws/devel/share/gennodejs/ros/rm_msgs/srv/CameraStatus.js
Symlinking /home/robot/radio_ws/devel/share/rm_msgs/msg/EngineerAction.msg
Symlinking /home/robot/radio_ws/devel/share/rm_msgs/msg/EngineerActionResult.msg
Symlinking /home/robot/radio_ws/devel/share/rm_msgs/msg/EngineerResult.msg
Symlinking /home/robot/radio_ws/devel/share/rm_msgs/msg/EngineerActionGoal.msg
Symlinking /home/robot/radio_ws/devel/share/rm_msgs/msg/EngineerGoal.msg
Symlinking /home/robot/radio_ws/devel/share/rm_msgs/msg/EngineerActionFeedback.msg
Symlinking /home/robot/radio_ws/devel/share/rm_msgs/msg/EngineerFeedback.msg
Symlinking /home/robot/radio_ws/devel/share/rm_msgs/cmake/rm_msgsConfig-version.cmake
Symlinking /home/robot/radio_ws/devel/share/rm_msgs/cmake/rm_msgsConfig.cmake
Symlinking /home/robot/radio_ws/devel/share/rm_msgs/cmake/rm_msgs-msg-paths.cmake
Symlinking /home/robot/radio_ws/devel/share/rm_msgs/cmake/rm_msgs-msg-extras.cmake
Symlinking /home/robot/radio_ws/devel/share/roseus/ros/rm_msgs/manifest.l
Symlinking /home/robot/radio_ws/devel/share/roseus/ros/rm_msgs/msg/DartClientCmd.l
Symlinking /home/robot/radio_ws/devel/share/roseus/ros/rm_msgs/msg/DbusData.l
Symlinking /home/robot/radio_ws/devel/share/roseus/ros/rm_msgs/msg/ActuatorState.l
Symlinking /home/robot/radio_ws/devel/share/roseus/ros/rm_msgs/msg/GameStatus.l
Symlinking /home/robot/radio_ws/devel/share/roseus/ros/rm_msgs/msg/ShootData.l
Symlinking /home/robot/radio_ws/devel/share/roseus/ros/rm_msgs/msg/RadarEnemyHp.l
Symlinking /home/robot/radio_ws/devel/share/roseus/ros/rm_msgs/msg/EngineerAction.l
Symlinking /home/robot/radio_ws/devel/share/roseus/ros/rm_msgs/msg/PowerManagementUnknownExceptionData.l
Symlinking /home/robot/radio_ws/devel/share/roseus/ros/rm_msgs/msg/EngineerActionGoal.l
Symlinking /home/robot/radio_ws/devel/share/roseus/ros/rm_msgs/msg/RadarEnemyBuff.l
Symlinking /home/robot/radio_ws/devel/share/roseus/ros/rm_msgs/msg/RobotsPositionData.l
Symlinking /home/robot/radio_ws/devel/share/roseus/ros/rm_msgs/msg/TagMsgArray.l
Symlinking /home/robot/radio_ws/devel/share/roseus/ros/rm_msgs/msg/LegCmd.l
Symlinking /home/robot/radio_ws/devel/share/roseus/ros/rm_msgs/msg/PowerManagementProcessStackOverflowData.l
Symlinking /home/robot/radio_ws/devel/share/roseus/ros/rm_msgs/msg/PowerManagementSampleAndStatusData.l
Symlinking /home/robot/radio_ws/devel/share/roseus/ros/rm_msgs/msg/RadarMarkData.l
Symlinking /home/robot/radio_ws/devel/share/roseus/ros/rm_msgs/msg/PowerHeatData.l
Symlinking /home/robot/radio_ws/devel/share/roseus/ros/rm_msgs/msg/KalmanData.l
Symlinking /home/robot/radio_ws/devel/share/roseus/ros/rm_msgs/msg/RfidStatus.l
Symlinking /home/robot/radio_ws/devel/share/roseus/ros/rm_msgs/msg/SentryCmd.l
Symlinking /home/robot/radio_ws/devel/share/roseus/ros/rm_msgs/msg/EngineerGoal.l
Symlinking /home/robot/radio_ws/devel/share/roseus/ros/rm_msgs/msg/DartRemainingTime.l
Symlinking /home/robot/radio_ws/devel/share/roseus/ros/rm_msgs/msg/VisualizeStateData.l
Symlinking /home/robot/radio_ws/devel/share/roseus/ros/rm_msgs/msg/GameRobotStatus.l
Symlinking /home/robot/radio_ws/devel/share/roseus/ros/rm_msgs/msg/SentryAttackingTarget.l
Symlinking /home/robot/radio_ws/devel/share/roseus/ros/rm_msgs/msg/EngineerUi.l
Symlinking /home/robot/radio_ws/devel/share/roseus/ros/rm_msgs/msg/BulletAllowance.l
Symlinking /home/robot/radio_ws/devel/share/roseus/ros/rm_msgs/msg/StateCmd.l
Symlinking /home/robot/radio_ws/devel/share/roseus/ros/rm_msgs/msg/RadarEnemyStatus.l
Symlinking /home/robot/radio_ws/devel/share/roseus/ros/rm_msgs/msg/EngineerActionResult.l
Symlinking /home/robot/radio_ws/devel/share/roseus/ros/rm_msgs/msg/RadarEnemyBulletAllowance.l
Symlinking /home/robot/radio_ws/devel/share/roseus/ros/rm_msgs/msg/RadarEnemyPosition.l
Symlinking /home/robot/radio_ws/devel/share/roseus/ros/rm_msgs/msg/BalanceState.l
Symlinking /home/robot/radio_ws/devel/share/roseus/ros/rm_msgs/msg/TrackData.l
Symlinking /home/robot/radio_ws/devel/share/roseus/ros/rm_msgs/msg/GpioData.l
Symlinking /home/robot/radio_ws/devel/share/roseus/ros/rm_msgs/msg/LpData.l
Symlinking /home/robot/radio_ws/devel/share/roseus/ros/rm_msgs/msg/RadarInfo.l
Symlinking /home/robot/radio_ws/devel/share/roseus/ros/rm_msgs/msg/TargetDetection.l
Symlinking /home/robot/radio_ws/devel/share/roseus/ros/rm_msgs/msg/ShootCmd.l
Symlinking /home/robot/radio_ws/devel/share/roseus/ros/rm_msgs/msg/ShootBeforehandCmd.l
Symlinking /home/robot/radio_ws/devel/share/roseus/ros/rm_msgs/msg/GameRobotPosData.l
Symlinking /home/robot/radio_ws/devel/share/roseus/ros/rm_msgs/msg/TagMsg.l
Symlinking /home/robot/radio_ws/devel/share/roseus/ros/rm_msgs/msg/RadarRadioData.l
Symlinking /home/robot/radio_ws/devel/share/roseus/ros/rm_msgs/msg/MovingAverageData.l
Symlinking /home/robot/radio_ws/devel/share/roseus/ros/rm_msgs/msg/EngineerFeedback.l
Symlinking /home/robot/radio_ws/devel/share/roseus/ros/rm_msgs/msg/LocalHeatState.l
Symlinking /home/robot/radio_ws/devel/share/roseus/ros/rm_msgs/msg/PowerManagementInitializationExceptionData.l
Symlinking /home/robot/radio_ws/devel/share/roseus/ros/rm_msgs/msg/SentryInfo.l
Symlinking /home/robot/radio_ws/devel/share/roseus/ros/rm_msgs/msg/IcraBuffDebuffZoneStatus.l
Symlinking /home/robot/radio_ws/devel/share/roseus/ros/rm_msgs/msg/GameRobotHp.l
Symlinking /home/robot/radio_ws/devel/share/roseus/ros/rm_msgs/msg/EventData.l
Symlinking /home/robot/radio_ws/devel/share/roseus/ros/rm_msgs/msg/ClientMapReceiveData.l
Symlinking /home/robot/radio_ws/devel/share/roseus/ros/rm_msgs/msg/GimbalCmd.l
Symlinking /home/robot/radio_ws/devel/share/roseus/ros/rm_msgs/msg/Buff.l
Symlinking /home/robot/radio_ws/devel/share/roseus/ros/rm_msgs/msg/RadarCmd.l
Symlinking /home/robot/radio_ws/devel/share/roseus/ros/rm_msgs/msg/RadarRobotBuff.l
Symlinking /home/robot/radio_ws/devel/share/roseus/ros/rm_msgs/msg/PowerManagementSystemExceptionData.l
Symlinking /home/robot/radio_ws/devel/share/roseus/ros/rm_msgs/msg/TofRadarData.l
Symlinking /home/robot/radio_ws/devel/share/roseus/ros/rm_msgs/msg/TargetDetectionArray.l
Symlinking /home/robot/radio_ws/devel/share/roseus/ros/rm_msgs/msg/ClientMapSendData.l
Symlinking /home/robot/radio_ws/devel/share/roseus/ros/rm_msgs/msg/GimbalDesError.l
Symlinking /home/robot/radio_ws/devel/share/roseus/ros/rm_msgs/msg/ExchangerMsg.l
Symlinking /home/robot/radio_ws/devel/share/roseus/ros/rm_msgs/msg/RadarToSentry.l
Symlinking /home/robot/radio_ws/devel/share/roseus/ros/rm_msgs/msg/DartInfo.l
Symlinking /home/robot/radio_ws/devel/share/roseus/ros/rm_msgs/msg/GimbalPosState.l
Symlinking /home/robot/radio_ws/devel/share/roseus/ros/rm_msgs/msg/DartStatus.l
Symlinking /home/robot/radio_ws/devel/share/roseus/ros/rm_msgs/msg/RadarData.l
Symlinking /home/robot/radio_ws/devel/share/roseus/ros/rm_msgs/msg/ShootState.l
Symlinking /home/robot/radio_ws/devel/share/roseus/ros/rm_msgs/msg/MultiDofCmd.l
Symlinking /home/robot/radio_ws/devel/share/roseus/ros/rm_msgs/msg/BusState.l
Symlinking /home/robot/radio_ws/devel/share/roseus/ros/rm_msgs/msg/EngineerActionFeedback.l
Symlinking /home/robot/radio_ws/devel/share/roseus/ros/rm_msgs/msg/SentryDeviate.l
Symlinking /home/robot/radio_ws/devel/share/roseus/ros/rm_msgs/msg/SupplyProjectileAction.l
Symlinking /home/robot/radio_ws/devel/share/roseus/ros/rm_msgs/msg/MapSentryData.l
Symlinking /home/robot/radio_ws/devel/share/roseus/ros/rm_msgs/msg/RobotHurt.l
Symlinking /home/robot/radio_ws/devel/share/roseus/ros/rm_msgs/msg/EngineerResult.l
Symlinking /home/robot/radio_ws/devel/share/roseus/ros/rm_msgs/msg/CapacityData.l
Symlinking /home/robot/radio_ws/devel/share/roseus/ros/rm_msgs/msg/CurrentSentryPosData.l
Symlinking /home/robot/radio_ws/devel/share/roseus/ros/rm_msgs/msg/ChassisCmd.l
Symlinking /home/robot/radio_ws/devel/share/roseus/ros/rm_msgs/msg/RadarDoubleKey.l
Symlinking /home/robot/radio_ws/devel/share/roseus/ros/rm_msgs/msg/PriorityArray.l
Symlinking /home/robot/radio_ws/devel/share/roseus/ros/rm_msgs/msg/ManualToReferee.l
Symlinking /home/robot/radio_ws/devel/share/roseus/ros/rm_msgs/srv/StatusChange.l
Symlinking /home/robot/radio_ws/devel/share/roseus/ros/rm_msgs/srv/CameraStatus.l
Symlinking /home/robot/radio_ws/devel/share/roseus/ros/rm_msgs/srv/SetLimitVel.l
Symlinking /home/robot/radio_ws/devel/share/roseus/ros/rm_msgs/srv/EnableImuTrigger.l
Symlinking /home/robot/radio_ws/devel/share/roseus/ros/rm_msgs/srv/EnableGyro.l
Symlinking /home/robot/radio_ws/devel/share/roseus/ros/rm_msgs/srv/ContinousDetectorSwitch.l
