Unlinking: /home/robot/radio_ws/devel/include/rm_msgs/EnableImuTriggerRequest.h
Unlinking: /home/robot/radio_ws/devel/include/rm_msgs/LpData.h
Unlinking: /home/robot/radio_ws/devel/include/rm_msgs/GimbalCmd.h
Unlinking: /home/robot/radio_ws/devel/include/rm_msgs/SetLimitVel.h
Unlinking: /home/robot/radio_ws/devel/include/rm_msgs/RadarData.h
Unlinking: /home/robot/radio_ws/devel/include/rm_msgs/RadarMarkData.h
Unlinking: /home/robot/radio_ws/devel/include/rm_msgs/IcraBuffDebuffZoneStatus.h
Unlinking: /home/robot/radio_ws/devel/include/rm_msgs/GameRobotStatus.h
Unlinking: /home/robot/radio_ws/devel/include/rm_msgs/EnableGyro.h
Unlinking: /home/robot/radio_ws/devel/include/rm_msgs/KalmanData.h
Unlinking: /home/robot/radio_ws/devel/include/rm_msgs/RadarEnemyPosition.h
Unlinking: /home/robot/radio_ws/devel/include/rm_msgs/RobotsPositionData.h
Unlinking: /home/robot/radio_ws/devel/include/rm_msgs/SentryDeviate.h
Unlinking: /home/robot/radio_ws/devel/include/rm_msgs/EngineerAction.h
Unlinking: /home/robot/radio_ws/devel/include/rm_msgs/MultiDofCmd.h
Unlinking: /home/robot/radio_ws/devel/include/rm_msgs/EngineerResult.h
Unlinking: /home/robot/radio_ws/devel/include/rm_msgs/TrackData.h
Unlinking: /home/robot/radio_ws/devel/include/rm_msgs/BulletAllowance.h
Unlinking: /home/robot/radio_ws/devel/include/rm_msgs/CameraStatusResponse.h
Unlinking: /home/robot/radio_ws/devel/include/rm_msgs/RadarEnemyBulletAllowance.h
Unlinking: /home/robot/radio_ws/devel/include/rm_msgs/RadarToSentry.h
Unlinking: /home/robot/radio_ws/devel/include/rm_msgs/PowerManagementSystemExceptionData.h
Unlinking: /home/robot/radio_ws/devel/include/rm_msgs/EventData.h
Unlinking: /home/robot/radio_ws/devel/include/rm_msgs/ChassisCmd.h
Unlinking: /home/robot/radio_ws/devel/include/rm_msgs/ShootData.h
Unlinking: /home/robot/radio_ws/devel/include/rm_msgs/DartInfo.h
Unlinking: /home/robot/radio_ws/devel/include/rm_msgs/PowerHeatData.h
Unlinking: /home/robot/radio_ws/devel/include/rm_msgs/StatusChange.h
Unlinking: /home/robot/radio_ws/devel/include/rm_msgs/ClientMapSendData.h
Unlinking: /home/robot/radio_ws/devel/include/rm_msgs/StatusChangeResponse.h
Unlinking: /home/robot/radio_ws/devel/include/rm_msgs/ShootBeforehandCmd.h
Unlinking: /home/robot/radio_ws/devel/include/rm_msgs/PowerManagementUnknownExceptionData.h
Unlinking: /home/robot/radio_ws/devel/include/rm_msgs/RobotHurt.h
Unlinking: /home/robot/radio_ws/devel/include/rm_msgs/EngineerActionGoal.h
Unlinking: /home/robot/radio_ws/devel/include/rm_msgs/ClientMapReceiveData.h
Unlinking: /home/robot/radio_ws/devel/include/rm_msgs/EngineerFeedback.h
Unlinking: /home/robot/radio_ws/devel/include/rm_msgs/EngineerGoal.h
Unlinking: /home/robot/radio_ws/devel/include/rm_msgs/RadarInfo.h
Unlinking: /home/robot/radio_ws/devel/include/rm_msgs/ShootCmd.h
Unlinking: /home/robot/radio_ws/devel/include/rm_msgs/SetLimitVelRequest.h
Unlinking: /home/robot/radio_ws/devel/include/rm_msgs/RadarDoubleKey.h
Unlinking: /home/robot/radio_ws/devel/include/rm_msgs/DartStatus.h
Unlinking: /home/robot/radio_ws/devel/include/rm_msgs/EnableGyroRequest.h
Unlinking: /home/robot/radio_ws/devel/include/rm_msgs/EngineerActionResult.h
Unlinking: /home/robot/radio_ws/devel/include/rm_msgs/TargetDetectionArray.h
Unlinking: /home/robot/radio_ws/devel/include/rm_msgs/SentryCmd.h
Unlinking: /home/robot/radio_ws/devel/include/rm_msgs/ContinousDetectorSwitchResponse.h
Unlinking: /home/robot/radio_ws/devel/include/rm_msgs/RadarCmd.h
Unlinking: /home/robot/radio_ws/devel/include/rm_msgs/SentryAttackingTarget.h
Unlinking: /home/robot/radio_ws/devel/include/rm_msgs/StatusChangeRequest.h
Unlinking: /home/robot/radio_ws/devel/include/rm_msgs/GameRobotPosData.h
Unlinking: /home/robot/radio_ws/devel/include/rm_msgs/BalanceState.h
Unlinking: /home/robot/radio_ws/devel/include/rm_msgs/RfidStatus.h
Unlinking: /home/robot/radio_ws/devel/include/rm_msgs/EngineerActionFeedback.h
Unlinking: /home/robot/radio_ws/devel/include/rm_msgs/VisualizeStateData.h
Unlinking: /home/robot/radio_ws/devel/include/rm_msgs/PowerManagementSampleAndStatusData.h
Unlinking: /home/robot/radio_ws/devel/include/rm_msgs/GameStatus.h
Unlinking: /home/robot/radio_ws/devel/include/rm_msgs/RadarEnemyHp.h
Unlinking: /home/robot/radio_ws/devel/include/rm_msgs/ManualToReferee.h
Unlinking: /home/robot/radio_ws/devel/include/rm_msgs/ExchangerMsg.h
Unlinking: /home/robot/radio_ws/devel/include/rm_msgs/PowerManagementInitializationExceptionData.h
Unlinking: /home/robot/radio_ws/devel/include/rm_msgs/GpioData.h
Unlinking: /home/robot/radio_ws/devel/include/rm_msgs/RadarEnemyStatus.h
Unlinking: /home/robot/radio_ws/devel/include/rm_msgs/Buff.h
Unlinking: /home/robot/radio_ws/devel/include/rm_msgs/MovingAverageData.h
Unlinking: /home/robot/radio_ws/devel/include/rm_msgs/StateCmd.h
Unlinking: /home/robot/radio_ws/devel/include/rm_msgs/EnableImuTrigger.h
Unlinking: /home/robot/radio_ws/devel/include/rm_msgs/TargetDetection.h
Unlinking: /home/robot/radio_ws/devel/include/rm_msgs/LegCmd.h
Unlinking: /home/robot/radio_ws/devel/include/rm_msgs/RadarRadioData.h
Unlinking: /home/robot/radio_ws/devel/include/rm_msgs/GimbalPosState.h
Unlinking: /home/robot/radio_ws/devel/include/rm_msgs/ContinousDetectorSwitch.h
Unlinking: /home/robot/radio_ws/devel/include/rm_msgs/TofRadarData.h
Unlinking: /home/robot/radio_ws/devel/include/rm_msgs/EnableGyroResponse.h
Unlinking: /home/robot/radio_ws/devel/include/rm_msgs/TagMsgArray.h
Unlinking: /home/robot/radio_ws/devel/include/rm_msgs/GimbalDesError.h
Unlinking: /home/robot/radio_ws/devel/include/rm_msgs/ShootState.h
Unlinking: /home/robot/radio_ws/devel/include/rm_msgs/RadarEnemyBuff.h
Unlinking: /home/robot/radio_ws/devel/include/rm_msgs/PriorityArray.h
Unlinking: /home/robot/radio_ws/devel/include/rm_msgs/GameRobotHp.h
Unlinking: /home/robot/radio_ws/devel/include/rm_msgs/LocalHeatState.h
Unlinking: /home/robot/radio_ws/devel/include/rm_msgs/ContinousDetectorSwitchRequest.h
Unlinking: /home/robot/radio_ws/devel/include/rm_msgs/RadarRobotBuff.h
Unlinking: /home/robot/radio_ws/devel/include/rm_msgs/PowerManagementProcessStackOverflowData.h
Unlinking: /home/robot/radio_ws/devel/include/rm_msgs/DartRemainingTime.h
Unlinking: /home/robot/radio_ws/devel/include/rm_msgs/SupplyProjectileAction.h
Unlinking: /home/robot/radio_ws/devel/include/rm_msgs/BusState.h
Unlinking: /home/robot/radio_ws/devel/include/rm_msgs/CameraStatus.h
Unlinking: /home/robot/radio_ws/devel/include/rm_msgs/ActuatorState.h
Unlinking: /home/robot/radio_ws/devel/include/rm_msgs/MapSentryData.h
Unlinking: /home/robot/radio_ws/devel/include/rm_msgs/CapacityData.h
Unlinking: /home/robot/radio_ws/devel/include/rm_msgs/EnableImuTriggerResponse.h
Unlinking: /home/robot/radio_ws/devel/include/rm_msgs/CurrentSentryPosData.h
Unlinking: /home/robot/radio_ws/devel/include/rm_msgs/TagMsg.h
Unlinking: /home/robot/radio_ws/devel/include/rm_msgs/DartClientCmd.h
Unlinking: /home/robot/radio_ws/devel/include/rm_msgs/SentryInfo.h
Unlinking: /home/robot/radio_ws/devel/include/rm_msgs/DbusData.h
Unlinking: /home/robot/radio_ws/devel/include/rm_msgs/SetLimitVelResponse.h
Unlinking: /home/robot/radio_ws/devel/include/rm_msgs/EngineerUi.h
Unlinking: /home/robot/radio_ws/devel/include/rm_msgs/CameraStatusRequest.h
Unlinking: /home/robot/radio_ws/devel/lib/python3/dist-packages/rm_msgs/__init__.py
Unlinking: /home/robot/radio_ws/devel/lib/python3/dist-packages/rm_msgs/msg/_DartClientCmd.py
Unlinking: /home/robot/radio_ws/devel/lib/python3/dist-packages/rm_msgs/msg/_EngineerAction.py
Unlinking: /home/robot/radio_ws/devel/lib/python3/dist-packages/rm_msgs/msg/_CurrentSentryPosData.py
Unlinking: /home/robot/radio_ws/devel/lib/python3/dist-packages/rm_msgs/msg/_PowerManagementUnknownExceptionData.py
Unlinking: /home/robot/radio_ws/devel/lib/python3/dist-packages/rm_msgs/msg/_EngineerActionResult.py
Unlinking: /home/robot/radio_ws/devel/lib/python3/dist-packages/rm_msgs/msg/_GameRobotPosData.py
Unlinking: /home/robot/radio_ws/devel/lib/python3/dist-packages/rm_msgs/msg/_PowerManagementProcessStackOverflowData.py
Unlinking: /home/robot/radio_ws/devel/lib/python3/dist-packages/rm_msgs/msg/_TargetDetectionArray.py
Unlinking: /home/robot/radio_ws/devel/lib/python3/dist-packages/rm_msgs/msg/_ClientMapSendData.py
Unlinking: /home/robot/radio_ws/devel/lib/python3/dist-packages/rm_msgs/msg/_EngineerFeedback.py
Unlinking: /home/robot/radio_ws/devel/lib/python3/dist-packages/rm_msgs/msg/_DartInfo.py
Unlinking: /home/robot/radio_ws/devel/lib/python3/dist-packages/rm_msgs/msg/_LegCmd.py
Unlinking: /home/robot/radio_ws/devel/lib/python3/dist-packages/rm_msgs/msg/_RadarMarkData.py
Unlinking: /home/robot/radio_ws/devel/lib/python3/dist-packages/rm_msgs/msg/_TofRadarData.py
Unlinking: /home/robot/radio_ws/devel/lib/python3/dist-packages/rm_msgs/msg/_PowerHeatData.py
Unlinking: /home/robot/radio_ws/devel/lib/python3/dist-packages/rm_msgs/msg/_RadarEnemyPosition.py
Unlinking: /home/robot/radio_ws/devel/lib/python3/dist-packages/rm_msgs/msg/_EngineerGoal.py
Unlinking: /home/robot/radio_ws/devel/lib/python3/dist-packages/rm_msgs/msg/_EventData.py
Unlinking: /home/robot/radio_ws/devel/lib/python3/dist-packages/rm_msgs/msg/_StateCmd.py
Unlinking: /home/robot/radio_ws/devel/lib/python3/dist-packages/rm_msgs/msg/_SupplyProjectileAction.py
Unlinking: /home/robot/radio_ws/devel/lib/python3/dist-packages/rm_msgs/msg/_MultiDofCmd.py
Unlinking: /home/robot/radio_ws/devel/lib/python3/dist-packages/rm_msgs/msg/_ShootCmd.py
Unlinking: /home/robot/radio_ws/devel/lib/python3/dist-packages/rm_msgs/msg/_GameStatus.py
Unlinking: /home/robot/radio_ws/devel/lib/python3/dist-packages/rm_msgs/msg/_EngineerActionGoal.py
Unlinking: /home/robot/radio_ws/devel/lib/python3/dist-packages/rm_msgs/msg/_DartStatus.py
Unlinking: /home/robot/radio_ws/devel/lib/python3/dist-packages/rm_msgs/msg/_RadarDoubleKey.py
Unlinking: /home/robot/radio_ws/devel/lib/python3/dist-packages/rm_msgs/msg/_GimbalPosState.py
Unlinking: /home/robot/radio_ws/devel/lib/python3/dist-packages/rm_msgs/msg/_CapacityData.py
Unlinking: /home/robot/radio_ws/devel/lib/python3/dist-packages/rm_msgs/msg/_EngineerActionFeedback.py
Unlinking: /home/robot/radio_ws/devel/lib/python3/dist-packages/rm_msgs/msg/_DartRemainingTime.py
Unlinking: /home/robot/radio_ws/devel/lib/python3/dist-packages/rm_msgs/msg/_RadarCmd.py
Unlinking: /home/robot/radio_ws/devel/lib/python3/dist-packages/rm_msgs/msg/_RadarEnemyBulletAllowance.py
Unlinking: /home/robot/radio_ws/devel/lib/python3/dist-packages/rm_msgs/msg/_VisualizeStateData.py
Unlinking: /home/robot/radio_ws/devel/lib/python3/dist-packages/rm_msgs/msg/_RfidStatus.py
Unlinking: /home/robot/radio_ws/devel/lib/python3/dist-packages/rm_msgs/msg/__init__.py
Unlinking: /home/robot/radio_ws/devel/lib/python3/dist-packages/rm_msgs/msg/_IcraBuffDebuffZoneStatus.py
Unlinking: /home/robot/radio_ws/devel/lib/python3/dist-packages/rm_msgs/msg/_RadarRadioData.py
Unlinking: /home/robot/radio_ws/devel/lib/python3/dist-packages/rm_msgs/msg/_SentryCmd.py
Unlinking: /home/robot/radio_ws/devel/lib/python3/dist-packages/rm_msgs/msg/_RadarEnemyStatus.py
Unlinking: /home/robot/radio_ws/devel/lib/python3/dist-packages/rm_msgs/msg/_BulletAllowance.py
Unlinking: /home/robot/radio_ws/devel/lib/python3/dist-packages/rm_msgs/msg/_BalanceState.py
Unlinking: /home/robot/radio_ws/devel/lib/python3/dist-packages/rm_msgs/msg/_PowerManagementSystemExceptionData.py
Unlinking: /home/robot/radio_ws/devel/lib/python3/dist-packages/rm_msgs/msg/_MapSentryData.py
Unlinking: /home/robot/radio_ws/devel/lib/python3/dist-packages/rm_msgs/msg/_RadarInfo.py
Unlinking: /home/robot/radio_ws/devel/lib/python3/dist-packages/rm_msgs/msg/_GameRobotHp.py
Unlinking: /home/robot/radio_ws/devel/lib/python3/dist-packages/rm_msgs/msg/_BusState.py
Unlinking: /home/robot/radio_ws/devel/lib/python3/dist-packages/rm_msgs/msg/_MovingAverageData.py
Unlinking: /home/robot/radio_ws/devel/lib/python3/dist-packages/rm_msgs/msg/_ShootData.py
Unlinking: /home/robot/radio_ws/devel/lib/python3/dist-packages/rm_msgs/msg/_RadarEnemyHp.py
Unlinking: /home/robot/radio_ws/devel/lib/python3/dist-packages/rm_msgs/msg/_SentryAttackingTarget.py
Unlinking: /home/robot/radio_ws/devel/lib/python3/dist-packages/rm_msgs/msg/_GameRobotStatus.py
Unlinking: /home/robot/radio_ws/devel/lib/python3/dist-packages/rm_msgs/msg/_RadarEnemyBuff.py
Unlinking: /home/robot/radio_ws/devel/lib/python3/dist-packages/rm_msgs/msg/_TargetDetection.py
Unlinking: /home/robot/radio_ws/devel/lib/python3/dist-packages/rm_msgs/msg/_TagMsgArray.py
Unlinking: /home/robot/radio_ws/devel/lib/python3/dist-packages/rm_msgs/msg/_ChassisCmd.py
Unlinking: /home/robot/radio_ws/devel/lib/python3/dist-packages/rm_msgs/msg/_RadarData.py
Unlinking: /home/robot/radio_ws/devel/lib/python3/dist-packages/rm_msgs/msg/_ClientMapReceiveData.py
Unlinking: /home/robot/radio_ws/devel/lib/python3/dist-packages/rm_msgs/msg/_DbusData.py
Unlinking: /home/robot/radio_ws/devel/lib/python3/dist-packages/rm_msgs/msg/_SentryDeviate.py
Unlinking: /home/robot/radio_ws/devel/lib/python3/dist-packages/rm_msgs/msg/_GpioData.py
Unlinking: /home/robot/radio_ws/devel/lib/python3/dist-packages/rm_msgs/msg/_EngineerUi.py
Unlinking: /home/robot/radio_ws/devel/lib/python3/dist-packages/rm_msgs/msg/_PowerManagementSampleAndStatusData.py
Unlinking: /home/robot/radio_ws/devel/lib/python3/dist-packages/rm_msgs/msg/_TrackData.py
Unlinking: /home/robot/radio_ws/devel/lib/python3/dist-packages/rm_msgs/msg/_TagMsg.py
Unlinking: /home/robot/radio_ws/devel/lib/python3/dist-packages/rm_msgs/msg/_SentryInfo.py
Unlinking: /home/robot/radio_ws/devel/lib/python3/dist-packages/rm_msgs/msg/_ActuatorState.py
Unlinking: /home/robot/radio_ws/devel/lib/python3/dist-packages/rm_msgs/msg/_ShootState.py
Unlinking: /home/robot/radio_ws/devel/lib/python3/dist-packages/rm_msgs/msg/_RobotHurt.py
Unlinking: /home/robot/radio_ws/devel/lib/python3/dist-packages/rm_msgs/msg/_PriorityArray.py
Unlinking: /home/robot/radio_ws/devel/lib/python3/dist-packages/rm_msgs/msg/_LpData.py
Unlinking: /home/robot/radio_ws/devel/lib/python3/dist-packages/rm_msgs/msg/_GimbalDesError.py
Unlinking: /home/robot/radio_ws/devel/lib/python3/dist-packages/rm_msgs/msg/_LocalHeatState.py
Unlinking: /home/robot/radio_ws/devel/lib/python3/dist-packages/rm_msgs/msg/_GimbalCmd.py
Unlinking: /home/robot/radio_ws/devel/lib/python3/dist-packages/rm_msgs/msg/_RobotsPositionData.py
Unlinking: /home/robot/radio_ws/devel/lib/python3/dist-packages/rm_msgs/msg/_ShootBeforehandCmd.py
Unlinking: /home/robot/radio_ws/devel/lib/python3/dist-packages/rm_msgs/msg/_KalmanData.py
Unlinking: /home/robot/radio_ws/devel/lib/python3/dist-packages/rm_msgs/msg/_ExchangerMsg.py
Unlinking: /home/robot/radio_ws/devel/lib/python3/dist-packages/rm_msgs/msg/_Buff.py
Unlinking: /home/robot/radio_ws/devel/lib/python3/dist-packages/rm_msgs/msg/_EngineerResult.py
Unlinking: /home/robot/radio_ws/devel/lib/python3/dist-packages/rm_msgs/msg/_ManualToReferee.py
Unlinking: /home/robot/radio_ws/devel/lib/python3/dist-packages/rm_msgs/msg/_PowerManagementInitializationExceptionData.py
Unlinking: /home/robot/radio_ws/devel/lib/python3/dist-packages/rm_msgs/msg/_RadarToSentry.py
Unlinking: /home/robot/radio_ws/devel/lib/python3/dist-packages/rm_msgs/msg/_RadarRobotBuff.py
Unlinking: /home/robot/radio_ws/devel/lib/python3/dist-packages/rm_msgs/srv/_EnableGyro.py
Unlinking: /home/robot/radio_ws/devel/lib/python3/dist-packages/rm_msgs/srv/_CameraStatus.py
Unlinking: /home/robot/radio_ws/devel/lib/python3/dist-packages/rm_msgs/srv/_ContinousDetectorSwitch.py
Unlinking: /home/robot/radio_ws/devel/lib/python3/dist-packages/rm_msgs/srv/_StatusChange.py
Unlinking: /home/robot/radio_ws/devel/lib/python3/dist-packages/rm_msgs/srv/__init__.py
Unlinking: /home/robot/radio_ws/devel/lib/python3/dist-packages/rm_msgs/srv/_EnableImuTrigger.py
Unlinking: /home/robot/radio_ws/devel/lib/python3/dist-packages/rm_msgs/srv/_SetLimitVel.py
Unlinking: /home/robot/radio_ws/devel/lib/pkgconfig/rm_msgs.pc
Unlinking: /home/robot/radio_ws/devel/share/common-lisp/ros/rm_msgs/msg/SentryCmd.lisp
Unlinking: /home/robot/radio_ws/devel/share/common-lisp/ros/rm_msgs/msg/_package_MapSentryData.lisp
Unlinking: /home/robot/radio_ws/devel/share/common-lisp/ros/rm_msgs/msg/BalanceState.lisp
Unlinking: /home/robot/radio_ws/devel/share/common-lisp/ros/rm_msgs/msg/_package_EngineerUi.lisp
Unlinking: /home/robot/radio_ws/devel/share/common-lisp/ros/rm_msgs/msg/VisualizeStateData.lisp
Unlinking: /home/robot/radio_ws/devel/share/common-lisp/ros/rm_msgs/msg/_package_GameStatus.lisp
Unlinking: /home/robot/radio_ws/devel/share/common-lisp/ros/rm_msgs/msg/_package_ShootState.lisp
Unlinking: /home/robot/radio_ws/devel/share/common-lisp/ros/rm_msgs/msg/_package_PowerManagementProcessStackOverflowData.lisp
Unlinking: /home/robot/radio_ws/devel/share/common-lisp/ros/rm_msgs/msg/_package_GameRobotStatus.lisp
Unlinking: /home/robot/radio_ws/devel/share/common-lisp/ros/rm_msgs/msg/GameRobotHp.lisp
Unlinking: /home/robot/radio_ws/devel/share/common-lisp/ros/rm_msgs/msg/EngineerFeedback.lisp
Unlinking: /home/robot/radio_ws/devel/share/common-lisp/ros/rm_msgs/msg/ManualToReferee.lisp
Unlinking: /home/robot/radio_ws/devel/share/common-lisp/ros/rm_msgs/msg/_package_PowerManagementSystemExceptionData.lisp
Unlinking: /home/robot/radio_ws/devel/share/common-lisp/ros/rm_msgs/msg/_package_EngineerActionFeedback.lisp
Unlinking: /home/robot/radio_ws/devel/share/common-lisp/ros/rm_msgs/msg/RadarEnemyStatus.lisp
Unlinking: /home/robot/radio_ws/devel/share/common-lisp/ros/rm_msgs/msg/RadarEnemyPosition.lisp
Unlinking: /home/robot/radio_ws/devel/share/common-lisp/ros/rm_msgs/msg/_package_DartInfo.lisp
Unlinking: /home/robot/radio_ws/devel/share/common-lisp/ros/rm_msgs/msg/_package_IcraBuffDebuffZoneStatus.lisp
Unlinking: /home/robot/radio_ws/devel/share/common-lisp/ros/rm_msgs/msg/TagMsg.lisp
Unlinking: /home/robot/radio_ws/devel/share/common-lisp/ros/rm_msgs/msg/SentryAttackingTarget.lisp
Unlinking: /home/robot/radio_ws/devel/share/common-lisp/ros/rm_msgs/msg/DartInfo.lisp
Unlinking: /home/robot/radio_ws/devel/share/common-lisp/ros/rm_msgs/msg/EventData.lisp
Unlinking: /home/robot/radio_ws/devel/share/common-lisp/ros/rm_msgs/msg/_package_CapacityData.lisp
Unlinking: /home/robot/radio_ws/devel/share/common-lisp/ros/rm_msgs/msg/GpioData.lisp
Unlinking: /home/robot/radio_ws/devel/share/common-lisp/ros/rm_msgs/msg/_package_GpioData.lisp
Unlinking: /home/robot/radio_ws/devel/share/common-lisp/ros/rm_msgs/msg/_package_DartStatus.lisp
Unlinking: /home/robot/radio_ws/devel/share/common-lisp/ros/rm_msgs/msg/_package_BusState.lisp
Unlinking: /home/robot/radio_ws/devel/share/common-lisp/ros/rm_msgs/msg/DbusData.lisp
Unlinking: /home/robot/radio_ws/devel/share/common-lisp/ros/rm_msgs/msg/_package_VisualizeStateData.lisp
Unlinking: /home/robot/radio_ws/devel/share/common-lisp/ros/rm_msgs/msg/_package_TofRadarData.lisp
Unlinking: /home/robot/radio_ws/devel/share/common-lisp/ros/rm_msgs/msg/StateCmd.lisp
Unlinking: /home/robot/radio_ws/devel/share/common-lisp/ros/rm_msgs/msg/_package_PowerManagementInitializationExceptionData.lisp
Unlinking: /home/robot/radio_ws/devel/share/common-lisp/ros/rm_msgs/msg/ShootBeforehandCmd.lisp
Unlinking: /home/robot/radio_ws/devel/share/common-lisp/ros/rm_msgs/msg/_package_RobotHurt.lisp
Unlinking: /home/robot/radio_ws/devel/share/common-lisp/ros/rm_msgs/msg/_package_RadarEnemyBulletAllowance.lisp
Unlinking: /home/robot/radio_ws/devel/share/common-lisp/ros/rm_msgs/msg/_package_MultiDofCmd.lisp
Unlinking: /home/robot/radio_ws/devel/share/common-lisp/ros/rm_msgs/msg/PriorityArray.lisp
Unlinking: /home/robot/radio_ws/devel/share/common-lisp/ros/rm_msgs/msg/MapSentryData.lisp
Unlinking: /home/robot/radio_ws/devel/share/common-lisp/ros/rm_msgs/msg/RadarToSentry.lisp
Unlinking: /home/robot/radio_ws/devel/share/common-lisp/ros/rm_msgs/msg/RadarEnemyBulletAllowance.lisp
Unlinking: /home/robot/radio_ws/devel/share/common-lisp/ros/rm_msgs/msg/GimbalCmd.lisp
Unlinking: /home/robot/radio_ws/devel/share/common-lisp/ros/rm_msgs/msg/_package_Buff.lisp
Unlinking: /home/robot/radio_ws/devel/share/common-lisp/ros/rm_msgs/msg/ShootCmd.lisp
Unlinking: /home/robot/radio_ws/devel/share/common-lisp/ros/rm_msgs/msg/_package_ClientMapSendData.lisp
Unlinking: /home/robot/radio_ws/devel/share/common-lisp/ros/rm_msgs/msg/_package_DartRemainingTime.lisp
Unlinking: /home/robot/radio_ws/devel/share/common-lisp/ros/rm_msgs/msg/GimbalPosState.lisp
Unlinking: /home/robot/radio_ws/devel/share/common-lisp/ros/rm_msgs/msg/GameStatus.lisp
Unlinking: /home/robot/radio_ws/devel/share/common-lisp/ros/rm_msgs/msg/LegCmd.lisp
Unlinking: /home/robot/radio_ws/devel/share/common-lisp/ros/rm_msgs/msg/BusState.lisp
Unlinking: /home/robot/radio_ws/devel/share/common-lisp/ros/rm_msgs/msg/_package_LpData.lisp
Unlinking: /home/robot/radio_ws/devel/share/common-lisp/ros/rm_msgs/msg/EngineerUi.lisp
Unlinking: /home/robot/radio_ws/devel/share/common-lisp/ros/rm_msgs/msg/_package_SupplyProjectileAction.lisp
Unlinking: /home/robot/radio_ws/devel/share/common-lisp/ros/rm_msgs/msg/_package_GameRobotPosData.lisp
Unlinking: /home/robot/radio_ws/devel/share/common-lisp/ros/rm_msgs/msg/PowerManagementProcessStackOverflowData.lisp
Unlinking: /home/robot/radio_ws/devel/share/common-lisp/ros/rm_msgs/msg/_package_LocalHeatState.lisp
Unlinking: /home/robot/radio_ws/devel/share/common-lisp/ros/rm_msgs/msg/RfidStatus.lisp
Unlinking: /home/robot/radio_ws/devel/share/common-lisp/ros/rm_msgs/msg/RadarEnemyHp.lisp
Unlinking: /home/robot/radio_ws/devel/share/common-lisp/ros/rm_msgs/msg/RadarRadioData.lisp
Unlinking: /home/robot/radio_ws/devel/share/common-lisp/ros/rm_msgs/msg/_package_ManualToReferee.lisp
Unlinking: /home/robot/radio_ws/devel/share/common-lisp/ros/rm_msgs/msg/KalmanData.lisp
Unlinking: /home/robot/radio_ws/devel/share/common-lisp/ros/rm_msgs/msg/_package_EngineerResult.lisp
Unlinking: /home/robot/radio_ws/devel/share/common-lisp/ros/rm_msgs/msg/SupplyProjectileAction.lisp
Unlinking: /home/robot/radio_ws/devel/share/common-lisp/ros/rm_msgs/msg/_package_GimbalPosState.lisp
Unlinking: /home/robot/radio_ws/devel/share/common-lisp/ros/rm_msgs/msg/EngineerAction.lisp
Unlinking: /home/robot/radio_ws/devel/share/common-lisp/ros/rm_msgs/msg/TrackData.lisp
Unlinking: /home/robot/radio_ws/devel/share/common-lisp/ros/rm_msgs/msg/RobotsPositionData.lisp
Unlinking: /home/robot/radio_ws/devel/share/common-lisp/ros/rm_msgs/msg/_package_PowerManagementSampleAndStatusData.lisp
Unlinking: /home/robot/radio_ws/devel/share/common-lisp/ros/rm_msgs/msg/PowerManagementSystemExceptionData.lisp
Unlinking: /home/robot/radio_ws/devel/share/common-lisp/ros/rm_msgs/msg/EngineerGoal.lisp
Unlinking: /home/robot/radio_ws/devel/share/common-lisp/ros/rm_msgs/msg/_package_TagMsgArray.lisp
Unlinking: /home/robot/radio_ws/devel/share/common-lisp/ros/rm_msgs/msg/DartRemainingTime.lisp
Unlinking: /home/robot/radio_ws/devel/share/common-lisp/ros/rm_msgs/msg/ShootData.lisp
Unlinking: /home/robot/radio_ws/devel/share/common-lisp/ros/rm_msgs/msg/_package_ChassisCmd.lisp
Unlinking: /home/robot/radio_ws/devel/share/common-lisp/ros/rm_msgs/msg/TagMsgArray.lisp
Unlinking: /home/robot/radio_ws/devel/share/common-lisp/ros/rm_msgs/msg/Buff.lisp
Unlinking: /home/robot/radio_ws/devel/share/common-lisp/ros/rm_msgs/msg/PowerHeatData.lisp
Unlinking: /home/robot/radio_ws/devel/share/common-lisp/ros/rm_msgs/msg/PowerManagementInitializationExceptionData.lisp
Unlinking: /home/robot/radio_ws/devel/share/common-lisp/ros/rm_msgs/msg/_package_DbusData.lisp
Unlinking: /home/robot/radio_ws/devel/share/common-lisp/ros/rm_msgs/msg/_package_SentryInfo.lisp
Unlinking: /home/robot/radio_ws/devel/share/common-lisp/ros/rm_msgs/msg/RadarEnemyBuff.lisp
Unlinking: /home/robot/radio_ws/devel/share/common-lisp/ros/rm_msgs/msg/_package_RadarToSentry.lisp
Unlinking: /home/robot/radio_ws/devel/share/common-lisp/ros/rm_msgs/msg/_package_RobotsPositionData.lisp
Unlinking: /home/robot/radio_ws/devel/share/common-lisp/ros/rm_msgs/msg/_package_PriorityArray.lisp
Unlinking: /home/robot/radio_ws/devel/share/common-lisp/ros/rm_msgs/msg/_package_GameRobotHp.lisp
Unlinking: /home/robot/radio_ws/devel/share/common-lisp/ros/rm_msgs/msg/RadarCmd.lisp
Unlinking: /home/robot/radio_ws/devel/share/common-lisp/ros/rm_msgs/msg/RobotHurt.lisp
Unlinking: /home/robot/radio_ws/devel/share/common-lisp/ros/rm_msgs/msg/EngineerActionGoal.lisp
Unlinking: /home/robot/radio_ws/devel/share/common-lisp/ros/rm_msgs/msg/_package_CurrentSentryPosData.lisp
Unlinking: /home/robot/radio_ws/devel/share/common-lisp/ros/rm_msgs/msg/DartStatus.lisp
Unlinking: /home/robot/radio_ws/devel/share/common-lisp/ros/rm_msgs/msg/PowerManagementUnknownExceptionData.lisp
Unlinking: /home/robot/radio_ws/devel/share/common-lisp/ros/rm_msgs/msg/_package_RadarDoubleKey.lisp
Unlinking: /home/robot/radio_ws/devel/share/common-lisp/ros/rm_msgs/msg/_package_RadarInfo.lisp
Unlinking: /home/robot/radio_ws/devel/share/common-lisp/ros/rm_msgs/msg/LpData.lisp
Unlinking: /home/robot/radio_ws/devel/share/common-lisp/ros/rm_msgs/msg/_package_RadarEnemyStatus.lisp
Unlinking: /home/robot/radio_ws/devel/share/common-lisp/ros/rm_msgs/msg/_package_PowerHeatData.lisp
Unlinking: /home/robot/radio_ws/devel/share/common-lisp/ros/rm_msgs/msg/_package_TrackData.lisp
Unlinking: /home/robot/radio_ws/devel/share/common-lisp/ros/rm_msgs/msg/_package_EngineerActionGoal.lisp
Unlinking: /home/robot/radio_ws/devel/share/common-lisp/ros/rm_msgs/msg/_package_ActuatorState.lisp
Unlinking: /home/robot/radio_ws/devel/share/common-lisp/ros/rm_msgs/msg/GimbalDesError.lisp
Unlinking: /home/robot/radio_ws/devel/share/common-lisp/ros/rm_msgs/msg/_package_ShootCmd.lisp
Unlinking: /home/robot/radio_ws/devel/share/common-lisp/ros/rm_msgs/msg/RadarRobotBuff.lisp
Unlinking: /home/robot/radio_ws/devel/share/common-lisp/ros/rm_msgs/msg/RadarData.lisp
Unlinking: /home/robot/radio_ws/devel/share/common-lisp/ros/rm_msgs/msg/CapacityData.lisp
Unlinking: /home/robot/radio_ws/devel/share/common-lisp/ros/rm_msgs/msg/_package_ClientMapReceiveData.lisp
Unlinking: /home/robot/radio_ws/devel/share/common-lisp/ros/rm_msgs/msg/_package.lisp
Unlinking: /home/robot/radio_ws/devel/share/common-lisp/ros/rm_msgs/msg/_package_EngineerAction.lisp
Unlinking: /home/robot/radio_ws/devel/share/common-lisp/ros/rm_msgs/msg/ActuatorState.lisp
Unlinking: /home/robot/radio_ws/devel/share/common-lisp/ros/rm_msgs/msg/_package_GimbalDesError.lisp
Unlinking: /home/robot/radio_ws/devel/share/common-lisp/ros/rm_msgs/msg/EngineerActionFeedback.lisp
Unlinking: /home/robot/radio_ws/devel/share/common-lisp/ros/rm_msgs/msg/_package_EngineerActionResult.lisp
Unlinking: /home/robot/radio_ws/devel/share/common-lisp/ros/rm_msgs/msg/DartClientCmd.lisp
Unlinking: /home/robot/radio_ws/devel/share/common-lisp/ros/rm_msgs/msg/IcraBuffDebuffZoneStatus.lisp
Unlinking: /home/robot/radio_ws/devel/share/common-lisp/ros/rm_msgs/msg/SentryInfo.lisp
Unlinking: /home/robot/radio_ws/devel/share/common-lisp/ros/rm_msgs/msg/_package_MovingAverageData.lisp
Unlinking: /home/robot/radio_ws/devel/share/common-lisp/ros/rm_msgs/msg/_package_SentryAttackingTarget.lisp
Unlinking: /home/robot/radio_ws/devel/share/common-lisp/ros/rm_msgs/msg/_package_EngineerFeedback.lisp
Unlinking: /home/robot/radio_ws/devel/share/common-lisp/ros/rm_msgs/msg/EngineerResult.lisp
Unlinking: /home/robot/radio_ws/devel/share/common-lisp/ros/rm_msgs/msg/MultiDofCmd.lisp
Unlinking: /home/robot/radio_ws/devel/share/common-lisp/ros/rm_msgs/msg/TargetDetection.lisp
Unlinking: /home/robot/radio_ws/devel/share/common-lisp/ros/rm_msgs/msg/_package_EngineerGoal.lisp
Unlinking: /home/robot/radio_ws/devel/share/common-lisp/ros/rm_msgs/msg/BulletAllowance.lisp
Unlinking: /home/robot/radio_ws/devel/share/common-lisp/ros/rm_msgs/msg/ClientMapReceiveData.lisp
Unlinking: /home/robot/radio_ws/devel/share/common-lisp/ros/rm_msgs/msg/RadarDoubleKey.lisp
Unlinking: /home/robot/radio_ws/devel/share/common-lisp/ros/rm_msgs/msg/rm_msgs-msg.asd
Unlinking: /home/robot/radio_ws/devel/share/common-lisp/ros/rm_msgs/msg/_package_BulletAllowance.lisp
Unlinking: /home/robot/radio_ws/devel/share/common-lisp/ros/rm_msgs/msg/CurrentSentryPosData.lisp
Unlinking: /home/robot/radio_ws/devel/share/common-lisp/ros/rm_msgs/msg/ExchangerMsg.lisp
Unlinking: /home/robot/radio_ws/devel/share/common-lisp/ros/rm_msgs/msg/_package_RadarEnemyBuff.lisp
Unlinking: /home/robot/radio_ws/devel/share/common-lisp/ros/rm_msgs/msg/_package_TargetDetectionArray.lisp
Unlinking: /home/robot/radio_ws/devel/share/common-lisp/ros/rm_msgs/msg/SentryDeviate.lisp
Unlinking: /home/robot/radio_ws/devel/share/common-lisp/ros/rm_msgs/msg/_package_SentryDeviate.lisp
Unlinking: /home/robot/radio_ws/devel/share/common-lisp/ros/rm_msgs/msg/ClientMapSendData.lisp
Unlinking: /home/robot/radio_ws/devel/share/common-lisp/ros/rm_msgs/msg/RadarMarkData.lisp
Unlinking: /home/robot/radio_ws/devel/share/common-lisp/ros/rm_msgs/msg/_package_KalmanData.lisp
Unlinking: /home/robot/radio_ws/devel/share/common-lisp/ros/rm_msgs/msg/EngineerActionResult.lisp
Unlinking: /home/robot/radio_ws/devel/share/common-lisp/ros/rm_msgs/msg/ShootState.lisp
Unlinking: /home/robot/radio_ws/devel/share/common-lisp/ros/rm_msgs/msg/_package_RadarCmd.lisp
Unlinking: /home/robot/radio_ws/devel/share/common-lisp/ros/rm_msgs/msg/RadarInfo.lisp
Unlinking: /home/robot/radio_ws/devel/share/common-lisp/ros/rm_msgs/msg/_package_RadarData.lisp
Unlinking: /home/robot/radio_ws/devel/share/common-lisp/ros/rm_msgs/msg/LocalHeatState.lisp
Unlinking: /home/robot/radio_ws/devel/share/common-lisp/ros/rm_msgs/msg/ChassisCmd.lisp
Unlinking: /home/robot/radio_ws/devel/share/common-lisp/ros/rm_msgs/msg/_package_RadarRobotBuff.lisp
Unlinking: /home/robot/radio_ws/devel/share/common-lisp/ros/rm_msgs/msg/_package_ShootData.lisp
Unlinking: /home/robot/radio_ws/devel/share/common-lisp/ros/rm_msgs/msg/_package_PowerManagementUnknownExceptionData.lisp
Unlinking: /home/robot/radio_ws/devel/share/common-lisp/ros/rm_msgs/msg/_package_RadarEnemyHp.lisp
Unlinking: /home/robot/radio_ws/devel/share/common-lisp/ros/rm_msgs/msg/_package_RadarRadioData.lisp
Unlinking: /home/robot/radio_ws/devel/share/common-lisp/ros/rm_msgs/msg/_package_ExchangerMsg.lisp
Unlinking: /home/robot/radio_ws/devel/share/common-lisp/ros/rm_msgs/msg/_package_TargetDetection.lisp
Unlinking: /home/robot/radio_ws/devel/share/common-lisp/ros/rm_msgs/msg/TargetDetectionArray.lisp
Unlinking: /home/robot/radio_ws/devel/share/common-lisp/ros/rm_msgs/msg/_package_StateCmd.lisp
Unlinking: /home/robot/radio_ws/devel/share/common-lisp/ros/rm_msgs/msg/_package_BalanceState.lisp
Unlinking: /home/robot/radio_ws/devel/share/common-lisp/ros/rm_msgs/msg/_package_EventData.lisp
Unlinking: /home/robot/radio_ws/devel/share/common-lisp/ros/rm_msgs/msg/_package_GimbalCmd.lisp
Unlinking: /home/robot/radio_ws/devel/share/common-lisp/ros/rm_msgs/msg/_package_RfidStatus.lisp
Unlinking: /home/robot/radio_ws/devel/share/common-lisp/ros/rm_msgs/msg/_package_RadarEnemyPosition.lisp
Unlinking: /home/robot/radio_ws/devel/share/common-lisp/ros/rm_msgs/msg/_package_DartClientCmd.lisp
Unlinking: /home/robot/radio_ws/devel/share/common-lisp/ros/rm_msgs/msg/_package_RadarMarkData.lisp
Unlinking: /home/robot/radio_ws/devel/share/common-lisp/ros/rm_msgs/msg/GameRobotPosData.lisp
Unlinking: /home/robot/radio_ws/devel/share/common-lisp/ros/rm_msgs/msg/GameRobotStatus.lisp
Unlinking: /home/robot/radio_ws/devel/share/common-lisp/ros/rm_msgs/msg/TofRadarData.lisp
Unlinking: /home/robot/radio_ws/devel/share/common-lisp/ros/rm_msgs/msg/PowerManagementSampleAndStatusData.lisp
Unlinking: /home/robot/radio_ws/devel/share/common-lisp/ros/rm_msgs/msg/_package_SentryCmd.lisp
Unlinking: /home/robot/radio_ws/devel/share/common-lisp/ros/rm_msgs/msg/_package_LegCmd.lisp
Unlinking: /home/robot/radio_ws/devel/share/common-lisp/ros/rm_msgs/msg/MovingAverageData.lisp
Unlinking: /home/robot/radio_ws/devel/share/common-lisp/ros/rm_msgs/msg/_package_TagMsg.lisp
Unlinking: /home/robot/radio_ws/devel/share/common-lisp/ros/rm_msgs/msg/_package_ShootBeforehandCmd.lisp
Unlinking: /home/robot/radio_ws/devel/share/common-lisp/ros/rm_msgs/srv/rm_msgs-srv.asd
Unlinking: /home/robot/radio_ws/devel/share/common-lisp/ros/rm_msgs/srv/EnableImuTrigger.lisp
Unlinking: /home/robot/radio_ws/devel/share/common-lisp/ros/rm_msgs/srv/_package_StatusChange.lisp
Unlinking: /home/robot/radio_ws/devel/share/common-lisp/ros/rm_msgs/srv/CameraStatus.lisp
Unlinking: /home/robot/radio_ws/devel/share/common-lisp/ros/rm_msgs/srv/_package_EnableImuTrigger.lisp
Unlinking: /home/robot/radio_ws/devel/share/common-lisp/ros/rm_msgs/srv/_package_EnableGyro.lisp
Unlinking: /home/robot/radio_ws/devel/share/common-lisp/ros/rm_msgs/srv/_package_SetLimitVel.lisp
Unlinking: /home/robot/radio_ws/devel/share/common-lisp/ros/rm_msgs/srv/_package.lisp
Unlinking: /home/robot/radio_ws/devel/share/common-lisp/ros/rm_msgs/srv/_package_ContinousDetectorSwitch.lisp
Unlinking: /home/robot/radio_ws/devel/share/common-lisp/ros/rm_msgs/srv/EnableGyro.lisp
Unlinking: /home/robot/radio_ws/devel/share/common-lisp/ros/rm_msgs/srv/_package_CameraStatus.lisp
Unlinking: /home/robot/radio_ws/devel/share/common-lisp/ros/rm_msgs/srv/ContinousDetectorSwitch.lisp
Unlinking: /home/robot/radio_ws/devel/share/common-lisp/ros/rm_msgs/srv/SetLimitVel.lisp
Unlinking: /home/robot/radio_ws/devel/share/common-lisp/ros/rm_msgs/srv/StatusChange.lisp
Unlinking: /home/robot/radio_ws/devel/share/gennodejs/ros/rm_msgs/_index.js
Unlinking: /home/robot/radio_ws/devel/share/gennodejs/ros/rm_msgs/msg/ChassisCmd.js
Unlinking: /home/robot/radio_ws/devel/share/gennodejs/ros/rm_msgs/msg/TofRadarData.js
Unlinking: /home/robot/radio_ws/devel/share/gennodejs/ros/rm_msgs/msg/ManualToReferee.js
Unlinking: /home/robot/radio_ws/devel/share/gennodejs/ros/rm_msgs/msg/EngineerActionResult.js
Unlinking: /home/robot/radio_ws/devel/share/gennodejs/ros/rm_msgs/msg/EngineerFeedback.js
Unlinking: /home/robot/radio_ws/devel/share/gennodejs/ros/rm_msgs/msg/PowerManagementSampleAndStatusData.js
Unlinking: /home/robot/radio_ws/devel/share/gennodejs/ros/rm_msgs/msg/RadarDoubleKey.js
Unlinking: /home/robot/radio_ws/devel/share/gennodejs/ros/rm_msgs/msg/DartClientCmd.js
Unlinking: /home/robot/radio_ws/devel/share/gennodejs/ros/rm_msgs/msg/ClientMapSendData.js
Unlinking: /home/robot/radio_ws/devel/share/gennodejs/ros/rm_msgs/msg/GameRobotStatus.js
Unlinking: /home/robot/radio_ws/devel/share/gennodejs/ros/rm_msgs/msg/IcraBuffDebuffZoneStatus.js
Unlinking: /home/robot/radio_ws/devel/share/gennodejs/ros/rm_msgs/msg/ActuatorState.js
Unlinking: /home/robot/radio_ws/devel/share/gennodejs/ros/rm_msgs/msg/LegCmd.js
Unlinking: /home/robot/radio_ws/devel/share/gennodejs/ros/rm_msgs/msg/ShootCmd.js
Unlinking: /home/robot/radio_ws/devel/share/gennodejs/ros/rm_msgs/msg/TargetDetectionArray.js
Unlinking: /home/robot/radio_ws/devel/share/gennodejs/ros/rm_msgs/msg/PowerManagementProcessStackOverflowData.js
Unlinking: /home/robot/radio_ws/devel/share/gennodejs/ros/rm_msgs/msg/CapacityData.js
Unlinking: /home/robot/radio_ws/devel/share/gennodejs/ros/rm_msgs/msg/GameStatus.js
Unlinking: /home/robot/radio_ws/devel/share/gennodejs/ros/rm_msgs/msg/TrackData.js
Unlinking: /home/robot/radio_ws/devel/share/gennodejs/ros/rm_msgs/msg/GimbalPosState.js
Unlinking: /home/robot/radio_ws/devel/share/gennodejs/ros/rm_msgs/msg/DartStatus.js
Unlinking: /home/robot/radio_ws/devel/share/gennodejs/ros/rm_msgs/msg/EngineerResult.js
Unlinking: /home/robot/radio_ws/devel/share/gennodejs/ros/rm_msgs/msg/VisualizeStateData.js
Unlinking: /home/robot/radio_ws/devel/share/gennodejs/ros/rm_msgs/msg/BalanceState.js
Unlinking: /home/robot/radio_ws/devel/share/gennodejs/ros/rm_msgs/msg/Buff.js
Unlinking: /home/robot/radio_ws/devel/share/gennodejs/ros/rm_msgs/msg/SupplyProjectileAction.js
Unlinking: /home/robot/radio_ws/devel/share/gennodejs/ros/rm_msgs/msg/SentryDeviate.js
Unlinking: /home/robot/radio_ws/devel/share/gennodejs/ros/rm_msgs/msg/EngineerAction.js
Unlinking: /home/robot/radio_ws/devel/share/gennodejs/ros/rm_msgs/msg/_index.js
Unlinking: /home/robot/radio_ws/devel/share/gennodejs/ros/rm_msgs/msg/GpioData.js
Unlinking: /home/robot/radio_ws/devel/share/gennodejs/ros/rm_msgs/msg/RadarEnemyStatus.js
Unlinking: /home/robot/radio_ws/devel/share/gennodejs/ros/rm_msgs/msg/CurrentSentryPosData.js
Unlinking: /home/robot/radio_ws/devel/share/gennodejs/ros/rm_msgs/msg/BusState.js
Unlinking: /home/robot/radio_ws/devel/share/gennodejs/ros/rm_msgs/msg/MapSentryData.js
Unlinking: /home/robot/radio_ws/devel/share/gennodejs/ros/rm_msgs/msg/RadarToSentry.js
Unlinking: /home/robot/radio_ws/devel/share/gennodejs/ros/rm_msgs/msg/PowerManagementUnknownExceptionData.js
Unlinking: /home/robot/radio_ws/devel/share/gennodejs/ros/rm_msgs/msg/ExchangerMsg.js
Unlinking: /home/robot/radio_ws/devel/share/gennodejs/ros/rm_msgs/msg/DartInfo.js
Unlinking: /home/robot/radio_ws/devel/share/gennodejs/ros/rm_msgs/msg/RobotsPositionData.js
Unlinking: /home/robot/radio_ws/devel/share/gennodejs/ros/rm_msgs/msg/RadarRobotBuff.js
Unlinking: /home/robot/radio_ws/devel/share/gennodejs/ros/rm_msgs/msg/RobotHurt.js
Unlinking: /home/robot/radio_ws/devel/share/gennodejs/ros/rm_msgs/msg/EngineerActionGoal.js
Unlinking: /home/robot/radio_ws/devel/share/gennodejs/ros/rm_msgs/msg/GimbalDesError.js
Unlinking: /home/robot/radio_ws/devel/share/gennodejs/ros/rm_msgs/msg/RadarMarkData.js
Unlinking: /home/robot/radio_ws/devel/share/gennodejs/ros/rm_msgs/msg/RadarRadioData.js
Unlinking: /home/robot/radio_ws/devel/share/gennodejs/ros/rm_msgs/msg/KalmanData.js
Unlinking: /home/robot/radio_ws/devel/share/gennodejs/ros/rm_msgs/msg/ShootBeforehandCmd.js
Unlinking: /home/robot/radio_ws/devel/share/gennodejs/ros/rm_msgs/msg/RadarData.js
Unlinking: /home/robot/radio_ws/devel/share/gennodejs/ros/rm_msgs/msg/SentryCmd.js
Unlinking: /home/robot/radio_ws/devel/share/gennodejs/ros/rm_msgs/msg/PowerManagementSystemExceptionData.js
Unlinking: /home/robot/radio_ws/devel/share/gennodejs/ros/rm_msgs/msg/DartRemainingTime.js
Unlinking: /home/robot/radio_ws/devel/share/gennodejs/ros/rm_msgs/msg/RadarInfo.js
Unlinking: /home/robot/radio_ws/devel/share/gennodejs/ros/rm_msgs/msg/PriorityArray.js
Unlinking: /home/robot/radio_ws/devel/share/gennodejs/ros/rm_msgs/msg/LpData.js
Unlinking: /home/robot/radio_ws/devel/share/gennodejs/ros/rm_msgs/msg/DbusData.js
Unlinking: /home/robot/radio_ws/devel/share/gennodejs/ros/rm_msgs/msg/RadarEnemyBulletAllowance.js
Unlinking: /home/robot/radio_ws/devel/share/gennodejs/ros/rm_msgs/msg/TagMsg.js
Unlinking: /home/robot/radio_ws/devel/share/gennodejs/ros/rm_msgs/msg/MovingAverageData.js
Unlinking: /home/robot/radio_ws/devel/share/gennodejs/ros/rm_msgs/msg/RfidStatus.js
Unlinking: /home/robot/radio_ws/devel/share/gennodejs/ros/rm_msgs/msg/StateCmd.js
Unlinking: /home/robot/radio_ws/devel/share/gennodejs/ros/rm_msgs/msg/TagMsgArray.js
Unlinking: /home/robot/radio_ws/devel/share/gennodejs/ros/rm_msgs/msg/GameRobotHp.js
Unlinking: /home/robot/radio_ws/devel/share/gennodejs/ros/rm_msgs/msg/GameRobotPosData.js
Unlinking: /home/robot/radio_ws/devel/share/gennodejs/ros/rm_msgs/msg/ShootData.js
Unlinking: /home/robot/radio_ws/devel/share/gennodejs/ros/rm_msgs/msg/PowerHeatData.js
Unlinking: /home/robot/radio_ws/devel/share/gennodejs/ros/rm_msgs/msg/EngineerGoal.js
Unlinking: /home/robot/radio_ws/devel/share/gennodejs/ros/rm_msgs/msg/PowerManagementInitializationExceptionData.js
Unlinking: /home/robot/radio_ws/devel/share/gennodejs/ros/rm_msgs/msg/RadarEnemyHp.js
Unlinking: /home/robot/radio_ws/devel/share/gennodejs/ros/rm_msgs/msg/EngineerActionFeedback.js
Unlinking: /home/robot/radio_ws/devel/share/gennodejs/ros/rm_msgs/msg/LocalHeatState.js
Unlinking: /home/robot/radio_ws/devel/share/gennodejs/ros/rm_msgs/msg/EventData.js
Unlinking: /home/robot/radio_ws/devel/share/gennodejs/ros/rm_msgs/msg/RadarCmd.js
Unlinking: /home/robot/radio_ws/devel/share/gennodejs/ros/rm_msgs/msg/BulletAllowance.js
Unlinking: /home/robot/radio_ws/devel/share/gennodejs/ros/rm_msgs/msg/MultiDofCmd.js
Unlinking: /home/robot/radio_ws/devel/share/gennodejs/ros/rm_msgs/msg/GimbalCmd.js
Unlinking: /home/robot/radio_ws/devel/share/gennodejs/ros/rm_msgs/msg/RadarEnemyPosition.js
Unlinking: /home/robot/radio_ws/devel/share/gennodejs/ros/rm_msgs/msg/SentryAttackingTarget.js
Unlinking: /home/robot/radio_ws/devel/share/gennodejs/ros/rm_msgs/msg/TargetDetection.js
Unlinking: /home/robot/radio_ws/devel/share/gennodejs/ros/rm_msgs/msg/EngineerUi.js
Unlinking: /home/robot/radio_ws/devel/share/gennodejs/ros/rm_msgs/msg/SentryInfo.js
Unlinking: /home/robot/radio_ws/devel/share/gennodejs/ros/rm_msgs/msg/ClientMapReceiveData.js
Unlinking: /home/robot/radio_ws/devel/share/gennodejs/ros/rm_msgs/msg/RadarEnemyBuff.js
Unlinking: /home/robot/radio_ws/devel/share/gennodejs/ros/rm_msgs/msg/ShootState.js
Unlinking: /home/robot/radio_ws/devel/share/gennodejs/ros/rm_msgs/srv/SetLimitVel.js
Unlinking: /home/robot/radio_ws/devel/share/gennodejs/ros/rm_msgs/srv/StatusChange.js
Unlinking: /home/robot/radio_ws/devel/share/gennodejs/ros/rm_msgs/srv/EnableImuTrigger.js
Unlinking: /home/robot/radio_ws/devel/share/gennodejs/ros/rm_msgs/srv/_index.js
Unlinking: /home/robot/radio_ws/devel/share/gennodejs/ros/rm_msgs/srv/ContinousDetectorSwitch.js
Unlinking: /home/robot/radio_ws/devel/share/gennodejs/ros/rm_msgs/srv/EnableGyro.js
Unlinking: /home/robot/radio_ws/devel/share/gennodejs/ros/rm_msgs/srv/CameraStatus.js
Unlinking: /home/robot/radio_ws/devel/share/rm_msgs/msg/EngineerAction.msg
Unlinking: /home/robot/radio_ws/devel/share/rm_msgs/msg/EngineerActionResult.msg
Unlinking: /home/robot/radio_ws/devel/share/rm_msgs/msg/EngineerResult.msg
Unlinking: /home/robot/radio_ws/devel/share/rm_msgs/msg/EngineerActionGoal.msg
Unlinking: /home/robot/radio_ws/devel/share/rm_msgs/msg/EngineerGoal.msg
Unlinking: /home/robot/radio_ws/devel/share/rm_msgs/msg/EngineerActionFeedback.msg
Unlinking: /home/robot/radio_ws/devel/share/rm_msgs/msg/EngineerFeedback.msg
Unlinking: /home/robot/radio_ws/devel/share/rm_msgs/cmake/rm_msgsConfig-version.cmake
Unlinking: /home/robot/radio_ws/devel/share/rm_msgs/cmake/rm_msgsConfig.cmake
Unlinking: /home/robot/radio_ws/devel/share/rm_msgs/cmake/rm_msgs-msg-paths.cmake
Unlinking: /home/robot/radio_ws/devel/share/rm_msgs/cmake/rm_msgs-msg-extras.cmake
Unlinking: /home/robot/radio_ws/devel/share/roseus/ros/rm_msgs/manifest.l
Unlinking: /home/robot/radio_ws/devel/share/roseus/ros/rm_msgs/msg/DartClientCmd.l
Unlinking: /home/robot/radio_ws/devel/share/roseus/ros/rm_msgs/msg/DbusData.l
Unlinking: /home/robot/radio_ws/devel/share/roseus/ros/rm_msgs/msg/ActuatorState.l
Unlinking: /home/robot/radio_ws/devel/share/roseus/ros/rm_msgs/msg/GameStatus.l
Unlinking: /home/robot/radio_ws/devel/share/roseus/ros/rm_msgs/msg/ShootData.l
Unlinking: /home/robot/radio_ws/devel/share/roseus/ros/rm_msgs/msg/RadarEnemyHp.l
Unlinking: /home/robot/radio_ws/devel/share/roseus/ros/rm_msgs/msg/EngineerAction.l
Unlinking: /home/robot/radio_ws/devel/share/roseus/ros/rm_msgs/msg/PowerManagementUnknownExceptionData.l
Unlinking: /home/robot/radio_ws/devel/share/roseus/ros/rm_msgs/msg/EngineerActionGoal.l
Unlinking: /home/robot/radio_ws/devel/share/roseus/ros/rm_msgs/msg/RadarEnemyBuff.l
Unlinking: /home/robot/radio_ws/devel/share/roseus/ros/rm_msgs/msg/RobotsPositionData.l
Unlinking: /home/robot/radio_ws/devel/share/roseus/ros/rm_msgs/msg/TagMsgArray.l
Unlinking: /home/robot/radio_ws/devel/share/roseus/ros/rm_msgs/msg/LegCmd.l
Unlinking: /home/robot/radio_ws/devel/share/roseus/ros/rm_msgs/msg/PowerManagementProcessStackOverflowData.l
Unlinking: /home/robot/radio_ws/devel/share/roseus/ros/rm_msgs/msg/PowerManagementSampleAndStatusData.l
Unlinking: /home/robot/radio_ws/devel/share/roseus/ros/rm_msgs/msg/RadarMarkData.l
Unlinking: /home/robot/radio_ws/devel/share/roseus/ros/rm_msgs/msg/PowerHeatData.l
Unlinking: /home/robot/radio_ws/devel/share/roseus/ros/rm_msgs/msg/KalmanData.l
Unlinking: /home/robot/radio_ws/devel/share/roseus/ros/rm_msgs/msg/RfidStatus.l
Unlinking: /home/robot/radio_ws/devel/share/roseus/ros/rm_msgs/msg/SentryCmd.l
Unlinking: /home/robot/radio_ws/devel/share/roseus/ros/rm_msgs/msg/EngineerGoal.l
Unlinking: /home/robot/radio_ws/devel/share/roseus/ros/rm_msgs/msg/DartRemainingTime.l
Unlinking: /home/robot/radio_ws/devel/share/roseus/ros/rm_msgs/msg/VisualizeStateData.l
Unlinking: /home/robot/radio_ws/devel/share/roseus/ros/rm_msgs/msg/GameRobotStatus.l
Unlinking: /home/robot/radio_ws/devel/share/roseus/ros/rm_msgs/msg/SentryAttackingTarget.l
Unlinking: /home/robot/radio_ws/devel/share/roseus/ros/rm_msgs/msg/EngineerUi.l
Unlinking: /home/robot/radio_ws/devel/share/roseus/ros/rm_msgs/msg/BulletAllowance.l
Unlinking: /home/robot/radio_ws/devel/share/roseus/ros/rm_msgs/msg/StateCmd.l
Unlinking: /home/robot/radio_ws/devel/share/roseus/ros/rm_msgs/msg/RadarEnemyStatus.l
Unlinking: /home/robot/radio_ws/devel/share/roseus/ros/rm_msgs/msg/EngineerActionResult.l
Unlinking: /home/robot/radio_ws/devel/share/roseus/ros/rm_msgs/msg/RadarEnemyBulletAllowance.l
Unlinking: /home/robot/radio_ws/devel/share/roseus/ros/rm_msgs/msg/RadarEnemyPosition.l
Unlinking: /home/robot/radio_ws/devel/share/roseus/ros/rm_msgs/msg/BalanceState.l
Unlinking: /home/robot/radio_ws/devel/share/roseus/ros/rm_msgs/msg/TrackData.l
Unlinking: /home/robot/radio_ws/devel/share/roseus/ros/rm_msgs/msg/GpioData.l
Unlinking: /home/robot/radio_ws/devel/share/roseus/ros/rm_msgs/msg/LpData.l
Unlinking: /home/robot/radio_ws/devel/share/roseus/ros/rm_msgs/msg/RadarInfo.l
Unlinking: /home/robot/radio_ws/devel/share/roseus/ros/rm_msgs/msg/TargetDetection.l
Unlinking: /home/robot/radio_ws/devel/share/roseus/ros/rm_msgs/msg/ShootCmd.l
Unlinking: /home/robot/radio_ws/devel/share/roseus/ros/rm_msgs/msg/ShootBeforehandCmd.l
Unlinking: /home/robot/radio_ws/devel/share/roseus/ros/rm_msgs/msg/GameRobotPosData.l
Unlinking: /home/robot/radio_ws/devel/share/roseus/ros/rm_msgs/msg/TagMsg.l
Unlinking: /home/robot/radio_ws/devel/share/roseus/ros/rm_msgs/msg/RadarRadioData.l
Unlinking: /home/robot/radio_ws/devel/share/roseus/ros/rm_msgs/msg/MovingAverageData.l
Unlinking: /home/robot/radio_ws/devel/share/roseus/ros/rm_msgs/msg/EngineerFeedback.l
Unlinking: /home/robot/radio_ws/devel/share/roseus/ros/rm_msgs/msg/LocalHeatState.l
Unlinking: /home/robot/radio_ws/devel/share/roseus/ros/rm_msgs/msg/PowerManagementInitializationExceptionData.l
Unlinking: /home/robot/radio_ws/devel/share/roseus/ros/rm_msgs/msg/SentryInfo.l
Unlinking: /home/robot/radio_ws/devel/share/roseus/ros/rm_msgs/msg/IcraBuffDebuffZoneStatus.l
Unlinking: /home/robot/radio_ws/devel/share/roseus/ros/rm_msgs/msg/GameRobotHp.l
Unlinking: /home/robot/radio_ws/devel/share/roseus/ros/rm_msgs/msg/EventData.l
Unlinking: /home/robot/radio_ws/devel/share/roseus/ros/rm_msgs/msg/ClientMapReceiveData.l
Unlinking: /home/robot/radio_ws/devel/share/roseus/ros/rm_msgs/msg/GimbalCmd.l
Unlinking: /home/robot/radio_ws/devel/share/roseus/ros/rm_msgs/msg/Buff.l
Unlinking: /home/robot/radio_ws/devel/share/roseus/ros/rm_msgs/msg/RadarCmd.l
Unlinking: /home/robot/radio_ws/devel/share/roseus/ros/rm_msgs/msg/RadarRobotBuff.l
Unlinking: /home/robot/radio_ws/devel/share/roseus/ros/rm_msgs/msg/PowerManagementSystemExceptionData.l
Unlinking: /home/robot/radio_ws/devel/share/roseus/ros/rm_msgs/msg/TofRadarData.l
Unlinking: /home/robot/radio_ws/devel/share/roseus/ros/rm_msgs/msg/TargetDetectionArray.l
Unlinking: /home/robot/radio_ws/devel/share/roseus/ros/rm_msgs/msg/ClientMapSendData.l
Unlinking: /home/robot/radio_ws/devel/share/roseus/ros/rm_msgs/msg/GimbalDesError.l
Unlinking: /home/robot/radio_ws/devel/share/roseus/ros/rm_msgs/msg/ExchangerMsg.l
Unlinking: /home/robot/radio_ws/devel/share/roseus/ros/rm_msgs/msg/RadarToSentry.l
Unlinking: /home/robot/radio_ws/devel/share/roseus/ros/rm_msgs/msg/DartInfo.l
Unlinking: /home/robot/radio_ws/devel/share/roseus/ros/rm_msgs/msg/GimbalPosState.l
Unlinking: /home/robot/radio_ws/devel/share/roseus/ros/rm_msgs/msg/DartStatus.l
Unlinking: /home/robot/radio_ws/devel/share/roseus/ros/rm_msgs/msg/RadarData.l
Unlinking: /home/robot/radio_ws/devel/share/roseus/ros/rm_msgs/msg/ShootState.l
Unlinking: /home/robot/radio_ws/devel/share/roseus/ros/rm_msgs/msg/MultiDofCmd.l
Unlinking: /home/robot/radio_ws/devel/share/roseus/ros/rm_msgs/msg/BusState.l
Unlinking: /home/robot/radio_ws/devel/share/roseus/ros/rm_msgs/msg/EngineerActionFeedback.l
Unlinking: /home/robot/radio_ws/devel/share/roseus/ros/rm_msgs/msg/SentryDeviate.l
Unlinking: /home/robot/radio_ws/devel/share/roseus/ros/rm_msgs/msg/SupplyProjectileAction.l
Unlinking: /home/robot/radio_ws/devel/share/roseus/ros/rm_msgs/msg/MapSentryData.l
Unlinking: /home/robot/radio_ws/devel/share/roseus/ros/rm_msgs/msg/RobotHurt.l
Unlinking: /home/robot/radio_ws/devel/share/roseus/ros/rm_msgs/msg/EngineerResult.l
Unlinking: /home/robot/radio_ws/devel/share/roseus/ros/rm_msgs/msg/CapacityData.l
Unlinking: /home/robot/radio_ws/devel/share/roseus/ros/rm_msgs/msg/CurrentSentryPosData.l
Unlinking: /home/robot/radio_ws/devel/share/roseus/ros/rm_msgs/msg/ChassisCmd.l
Unlinking: /home/robot/radio_ws/devel/share/roseus/ros/rm_msgs/msg/RadarDoubleKey.l
Unlinking: /home/robot/radio_ws/devel/share/roseus/ros/rm_msgs/msg/PriorityArray.l
Unlinking: /home/robot/radio_ws/devel/share/roseus/ros/rm_msgs/msg/ManualToReferee.l
Unlinking: /home/robot/radio_ws/devel/share/roseus/ros/rm_msgs/srv/StatusChange.l
Unlinking: /home/robot/radio_ws/devel/share/roseus/ros/rm_msgs/srv/CameraStatus.l
Unlinking: /home/robot/radio_ws/devel/share/roseus/ros/rm_msgs/srv/SetLimitVel.l
Unlinking: /home/robot/radio_ws/devel/share/roseus/ros/rm_msgs/srv/EnableImuTrigger.l
Unlinking: /home/robot/radio_ws/devel/share/roseus/ros/rm_msgs/srv/EnableGyro.l
Unlinking: /home/robot/radio_ws/devel/share/roseus/ros/rm_msgs/srv/ContinousDetectorSwitch.l
